[0m2021.11.11 22:03:16 INFO  Started: Metals version 0.10.5 in workspace '/home/runner/Scala-Nix' .[0m
[0m2021.11.11 22:03:20 INFO  time: initialize in 4.73s[0m
[0m2021.11.11 22:03:23 WARN  Build server is not auto-connectable.[0m
[0m2021.11.11 22:03:23 WARN  no build tool detected in workspace '/home/runner/Scala-Nix'. The most common cause for this problem is that the editor was opened in the wrong working directory, for example if you use sbt then the workspace directory should contain build.sbt. [0m
[0m2022.05.19 15:45:23 INFO  Started: Metals version 0.10.5 in workspace '/home/runner/Scala' .[0m
[0m2022.05.19 15:45:29 INFO  time: initialize in 5.87s[0m
[0m2022.05.19 15:45:33 WARN  Build server is not auto-connectable.[0m
[0m2022.05.19 15:45:33 WARN  no build tool detected in workspace '/home/runner/Scala'. The most common cause for this problem is that the editor was opened in the wrong working directory, for example if you use sbt then the workspace directory should contain build.sbt. [0m
[0m2022.06.02 17:17:49 INFO  Started: Metals version 0.10.5 in workspace '/home/runner/Scala' .[0m
[0m2022.06.02 17:17:53 INFO  time: initialize in 3.99s[0m
[0m2022.06.02 17:17:54 WARN  Build server is not auto-connectable.[0m
[0m2022.06.02 17:17:54 WARN  no build tool detected in workspace '/home/runner/Scala'. The most common cause for this problem is that the editor was opened in the wrong working directory, for example if you use sbt then the workspace directory should contain build.sbt. [0m
[0m2022.06.02 17:31:28 INFO  Started: Metals version 0.10.5 in workspace '/home/runner/Scala' .[0m
[0m2022.06.02 17:31:31 INFO  time: initialize in 3.22s[0m
[0m2022.06.02 17:31:31 WARN  Build server is not auto-connectable.[0m
[0m2022.06.02 17:31:31 WARN  no build tool detected in workspace '/home/runner/Scala'. The most common cause for this problem is that the editor was opened in the wrong working directory, for example if you use sbt then the workspace directory should contain build.sbt. [0m
[0m2022.06.02 18:03:20 INFO  Started: Metals version 0.10.5 in workspace '/home/runner/Scala' .[0m
[0m2022.06.02 18:03:23 INFO  time: initialize in 3s[0m
[0m2022.06.02 18:03:23 WARN  Build server is not auto-connectable.[0m
[0m2022.06.02 18:03:23 WARN  no build tool detected in workspace '/home/runner/Scala'. The most common cause for this problem is that the editor was opened in the wrong working directory, for example if you use sbt then the workspace directory should contain build.sbt. [0m
[0m2022.06.02 18:03:26 WARN  no build target for: /home/runner/Scala/main.scala[0m
[0m2022.06.02 18:03:43 INFO  no build target: using presentation compiler with only scala-library: 2.12.14[0m
[0m2022.06.02 18:03:43 WARN  no build target for: /home/runner/Scala/main.scala[0m
[0m2022.06.02 20:57:14 INFO  Started: Metals version 0.10.5 in workspace '/home/runner/Scala' .[0m
[0m2022.06.02 20:57:17 INFO  time: initialize in 3.39s[0m
[0m2022.06.02 20:57:18 WARN  Build server is not auto-connectable.[0m
[0m2022.06.02 20:57:18 WARN  no build tool detected in workspace '/home/runner/Scala'. The most common cause for this problem is that the editor was opened in the wrong working directory, for example if you use sbt then the workspace directory should contain build.sbt. [0m
[0m2022.06.03 19:23:42 INFO  Started: Metals version 0.10.5 in workspace '/home/runner/Scala' .[0m
[0m2022.06.03 19:23:45 INFO  time: initialize in 3.11s[0m
[0m2022.06.03 19:23:46 WARN  Build server is not auto-connectable.[0m
[0m2022.06.03 19:23:46 WARN  no build tool detected in workspace '/home/runner/Scala'. The most common cause for this problem is that the editor was opened in the wrong working directory, for example if you use sbt then the workspace directory should contain build.sbt. [0m
[0m2022.06.08 22:58:55 INFO  Started: Metals version 0.10.5 in workspace '/home/runner/Scala' .[0m
[0m2022.06.09 14:24:41 INFO  Started: Metals version 0.10.5 in workspace '/home/runner/Scala' .[0m
[0m2022.06.09 14:24:43 INFO  time: initialize in 2.65s[0m
[0m2022.06.09 14:24:47 WARN  Build server is not auto-connectable.[0m
[0m2022.06.09 14:24:47 WARN  no build tool detected in workspace '/home/runner/Scala'. The most common cause for this problem is that the editor was opened in the wrong working directory, for example if you use sbt then the workspace directory should contain build.sbt. [0m
[0m2022.06.09 14:29:56 INFO  Started: Metals version 0.10.5 in workspace '/home/runner/Scala' .[0m
[0m2022.06.09 14:30:00 INFO  time: initialize in 4.82s[0m
[0m2022.06.09 14:30:01 WARN  Build server is not auto-connectable.[0m
[0m2022.06.09 14:30:01 WARN  no build tool detected in workspace '/home/runner/Scala'. The most common cause for this problem is that the editor was opened in the wrong working directory, for example if you use sbt then the workspace directory should contain build.sbt. [0m
[0m2022.06.09 15:21:31 INFO  Started: Metals version 0.10.5 in workspace '/home/runner/Scala' .[0m
[0m2022.06.09 15:21:34 INFO  time: initialize in 2.55s[0m
[0m2022.06.09 15:21:34 WARN  Build server is not auto-connectable.[0m
[0m2022.06.09 15:21:34 WARN  no build tool detected in workspace '/home/runner/Scala'. The most common cause for this problem is that the editor was opened in the wrong working directory, for example if you use sbt then the workspace directory should contain build.sbt. [0m
[0m2022.06.09 21:31:41 INFO  Started: Metals version 0.10.5 in workspace '/home/runner/Scala' .[0m
[0m2022.06.09 21:31:44 INFO  time: initialize in 2.49s[0m
[0m2022.06.09 21:31:44 WARN  Build server is not auto-connectable.[0m
[0m2022.06.09 21:31:44 WARN  no build tool detected in workspace '/home/runner/Scala'. The most common cause for this problem is that the editor was opened in the wrong working directory, for example if you use sbt then the workspace directory should contain build.sbt. [0m
[0m2022.07.22 17:01:51 INFO  Started: Metals version 0.10.5 in workspace '/home/runner/Scala' .[0m
[0m2022.07.22 17:01:53 INFO  time: initialize in 2.03s[0m
[0m2022.07.22 17:01:57 WARN  Build server is not auto-connectable.[0m
[0m2022.07.22 17:01:57 WARN  no build tool detected in workspace '/home/runner/Scala'. The most common cause for this problem is that the editor was opened in the wrong working directory, for example if you use sbt then the workspace directory should contain build.sbt. [0m
[0m2022.07.22 17:01:57 WARN  no build target for: /home/runner/Scala/main.scala[0m
[0m2022.07.27 14:16:45 INFO  Started: Metals version 0.10.5 in workspace '/home/runner/Scala' .[0m
[0m2022.07.27 14:16:48 INFO  time: initialize in 2.82s[0m
[0m2022.07.27 14:16:48 WARN  Build server is not auto-connectable.[0m
[0m2022.07.27 14:16:48 WARN  no build tool detected in workspace '/home/runner/Scala'. The most common cause for this problem is that the editor was opened in the wrong working directory, for example if you use sbt then the workspace directory should contain build.sbt. [0m
[0m2022.08.18 03:48:35 INFO  Started: Metals version 0.10.5 in workspace '/home/runner/Scala' .[0m
[0m2022.08.18 03:48:37 INFO  Started: Metals version 0.10.5 in workspace '/home/runner/Scala' .[0m
[0m2022.08.18 03:48:38 INFO  time: initialize in 3.72s[0m
[0m2022.08.18 03:48:39 INFO  time: initialize in 2.74s[0m
[0m2022.08.18 12:29:43 INFO  Started: Metals version 0.10.5 in workspace '/home/runner/Scala' .[0m
[0m2022.08.18 12:29:45 INFO  time: initialize in 2.25s[0m
[0m2022.08.18 12:29:48 WARN  Build server is not auto-connectable.[0m
[0m2022.08.18 12:29:48 WARN  no build tool detected in workspace '/home/runner/Scala'. The most common cause for this problem is that the editor was opened in the wrong working directory, for example if you use sbt then the workspace directory should contain build.sbt. [0m
[0m2022.08.18 12:30:24 WARN  no build target for: /home/runner/Scala/main.scala[0m
[0m2022.08.18 12:30:37 INFO  no build target: using presentation compiler with only scala-library: 2.12.14[0m
[0m2023.02.24 19:35:08 INFO  Started: Metals version 0.10.5 in workspace '/home/runner/Scala' .[0m
[0m2023.02.24 19:35:10 INFO  time: initialize in 2.1s[0m
[0m2023.02.24 19:35:10 WARN  Build server is not auto-connectable.[0m
[0m2023.02.24 19:35:10 WARN  no build tool detected in workspace '/home/runner/Scala'. The most common cause for this problem is that the editor was opened in the wrong working directory, for example if you use sbt then the workspace directory should contain build.sbt. [0m
2023.02.24 19:35:22 INFO  tracing is disabled for protocol LSP, to enable tracing of incoming and outgoing JSON messages create an empty file at /home/runner/Scala/.metals/lsp.trace.json or /home/runner/.cache/metals/lsp.trace.json
2023.02.24 19:35:24 INFO  logging to file /home/runner/Scala/.metals/metals.log
2023.02.24 19:35:24 INFO  Started: Metals version 0.11.9 in workspace '/home/runner/Scala' .
2023.02.24 19:35:26 INFO  Deleting old database format /home/runner/Scala/.metals/metals.h2.db
2023.02.24 19:35:27 INFO  time: initialize in 3.1s
2023.02.24 19:35:26 ERROR Unexpected error initializing serverjava.lang.IllegalStateException: Not a JSON Object: null
	at com.google.gson.JsonElement.getAsJsonObject(JsonElement.java:91)
	at scala.meta.internal.metals.MetalsLanguageServer.$anonfun$syncUserconfiguration$6(MetalsLanguageServer.scala:2711)
	at scala.concurrent.impl.Promise$Transformation.run(Promise.scala:470)
	at java.util.concurrent.ThreadPoolExecutor.runWorker(ThreadPoolExecutor.java:1136)
	at java.util.concurrent.ThreadPoolExecutor$Worker.run(ThreadPoolExecutor.java:635)
	at java.lang.Thread.run(Thread.java:833)

2023.02.25 15:51:40 INFO  tracing is disabled for protocol LSP, to enable tracing of incoming and outgoing JSON messages create an empty file at /home/runner/AOC22Day23/.metals/lsp.trace.json or /home/runner/.cache/metals/lsp.trace.json
2023.02.25 15:51:44 INFO  logging to file /home/runner/AOC22Day23/.metals/metals.log
2023.02.25 15:51:44 INFO  Started: Metals version 0.11.9 in workspace '/home/runner/AOC22Day23' .
2023.02.25 15:51:58 INFO  time: initialize in 13s
2023.02.25 15:52:40 INFO  no build target found for /home/runner/AOC22Day23/main.scala. Using presentation compiler with project's scala-library version: 3.2.0
2023.02.25 15:52:41 ERROR Unexpected error initializing serverjava.lang.IllegalStateException: Not a JSON Object: null
	at com.google.gson.JsonElement.getAsJsonObject(JsonElement.java:91)
	at scala.meta.internal.metals.MetalsLanguageServer.$anonfun$syncUserconfiguration$6(MetalsLanguageServer.scala:2711)
	at scala.concurrent.impl.Promise$Transformation.run(Promise.scala:470)
	at java.util.concurrent.ThreadPoolExecutor.runWorker(ThreadPoolExecutor.java:1136)
	at java.util.concurrent.ThreadPoolExecutor$Worker.run(ThreadPoolExecutor.java:635)
	at java.lang.Thread.run(Thread.java:833)

2023.02.25 15:55:05 WARN  no build target for: /home/runner/AOC22Day23/main.scala
2023.02.25 15:55:18 WARN  no build target for: /home/runner/AOC22Day23/main.scala
2023.02.25 15:55:34 WARN  no build target for: /home/runner/AOC22Day23/main.scala
2023.02.25 15:55:40 WARN  no build target for: /home/runner/AOC22Day23/main.scala
2023.02.25 15:55:45 WARN  no build target for: /home/runner/AOC22Day23/main.scala
2023.02.25 15:55:47 WARN  no build target for: /home/runner/AOC22Day23/main.scala
2023.02.25 15:55:51 WARN  no build target for: /home/runner/AOC22Day23/main.scala
2023.02.25 15:55:59 WARN  no build target for: /home/runner/AOC22Day23/main.scala
2023.02.25 15:56:12 WARN  no build target for: /home/runner/AOC22Day23/main.scala
2023.02.25 15:56:14 WARN  no build target for: /home/runner/AOC22Day23/main.scala
2023.02.25 15:56:20 WARN  no build target for: /home/runner/AOC22Day23/main.scala
2023.02.25 15:56:26 WARN  no build target for: /home/runner/AOC22Day23/main.scala
2023.02.25 15:58:40 WARN  no build target for: /home/runner/AOC22Day23/main.scala
2023.02.25 15:58:44 WARN  no build target for: /home/runner/AOC22Day23/main.scala
2023.02.25 15:58:46 WARN  no build target for: /home/runner/AOC22Day23/main.scala
2023.02.25 15:59:06 WARN  no build target for: /home/runner/AOC22Day23/main.scala
2023.02.25 15:59:09 WARN  no build target for: /home/runner/AOC22Day23/main.scala
2023.02.25 15:59:11 WARN  no build target for: /home/runner/AOC22Day23/main.scala
2023.02.25 15:59:23 WARN  no build target for: /home/runner/AOC22Day23/main.scala
2023.02.25 15:59:25 WARN  no build target for: /home/runner/AOC22Day23/main.scala
2023.02.25 15:59:33 WARN  no build target for: /home/runner/AOC22Day23/main.scala
2023.02.25 15:59:39 WARN  no build target for: /home/runner/AOC22Day23/main.scala
2023.02.25 15:59:45 WARN  no build target for: /home/runner/AOC22Day23/main.scala
2023.02.25 15:59:48 WARN  no build target for: /home/runner/AOC22Day23/main.scala
2023.02.25 15:59:51 WARN  no build target for: /home/runner/AOC22Day23/main.scala
2023.02.25 15:59:54 WARN  no build target for: /home/runner/AOC22Day23/main.scala
2023.02.25 15:59:57 WARN  no build target for: /home/runner/AOC22Day23/main.scala
2023.02.25 16:00:01 WARN  no build target for: /home/runner/AOC22Day23/main.scala
2023.02.25 16:00:09 WARN  no build target for: /home/runner/AOC22Day23/main.scala
2023.02.25 16:00:13 WARN  no build target for: /home/runner/AOC22Day23/main.scala
2023.02.25 16:00:17 WARN  no build target for: /home/runner/AOC22Day23/main.scala
2023.02.25 16:00:21 WARN  no build target for: /home/runner/AOC22Day23/main.scala
2023.02.25 16:00:26 WARN  no build target for: /home/runner/AOC22Day23/main.scala
2023.02.25 16:00:30 WARN  no build target for: /home/runner/AOC22Day23/main.scala
2023.02.25 16:00:45 WARN  no build target for: /home/runner/AOC22Day23/main.scala
2023.02.25 16:00:49 WARN  no build target for: /home/runner/AOC22Day23/main.scala
2023.02.25 16:00:53 WARN  no build target for: /home/runner/AOC22Day23/main.scala
2023.02.25 16:01:54 WARN  no build target for: /home/runner/AOC22Day23/main.scala
2023.02.25 16:02:02 WARN  no build target for: /home/runner/AOC22Day23/main.scala
2023.02.25 16:02:04 WARN  no build target for: /home/runner/AOC22Day23/main.scala
2023.02.25 16:02:06 WARN  no build target for: /home/runner/AOC22Day23/main.scala
2023.02.25 16:02:14 WARN  no build target for: /home/runner/AOC22Day23/main.scala
2023.02.25 16:02:16 WARN  no build target for: /home/runner/AOC22Day23/main.scala
2023.02.25 16:02:18 WARN  no build target for: /home/runner/AOC22Day23/main.scala
2023.02.25 16:02:52 WARN  no build target for: /home/runner/AOC22Day23/main.scala
2023.02.25 16:02:54 WARN  no build target for: /home/runner/AOC22Day23/main.scala
2023.02.25 16:02:56 WARN  no build target for: /home/runner/AOC22Day23/main.scala
2023.02.25 16:02:59 WARN  no build target for: /home/runner/AOC22Day23/main.scala
2023.02.25 16:03:02 WARN  no build target for: /home/runner/AOC22Day23/main.scala
2023.02.25 16:03:04 WARN  no build target for: /home/runner/AOC22Day23/main.scala
2023.02.25 16:03:07 WARN  no build target for: /home/runner/AOC22Day23/main.scala
2023.02.25 16:03:28 WARN  no build target for: /home/runner/AOC22Day23/main.scala
2023.02.25 16:03:43 WARN  no build target for: /home/runner/AOC22Day23/main.scala
2023.02.25 16:03:46 WARN  no build target for: /home/runner/AOC22Day23/main.scala
2023.02.25 16:04:16 WARN  no build target for: /home/runner/AOC22Day23/main.scala
2023.02.25 16:04:17 WARN  no build target for: /home/runner/AOC22Day23/main.scala
2023.02.25 16:04:22 WARN  no build target for: /home/runner/AOC22Day23/main.scala
2023.02.25 16:04:24 WARN  no build target for: /home/runner/AOC22Day23/main.scala
2023.02.25 16:04:27 WARN  no build target for: /home/runner/AOC22Day23/main.scala
2023.02.25 16:04:29 WARN  no build target for: /home/runner/AOC22Day23/main.scala
2023.02.25 16:05:02 WARN  no build target for: /home/runner/AOC22Day23/main.scala
2023.02.25 16:05:49 WARN  no build target for: /home/runner/AOC22Day23/main.scala
2023.02.25 16:05:51 WARN  no build target for: /home/runner/AOC22Day23/main.scala
2023.02.25 16:05:52 WARN  no build target for: /home/runner/AOC22Day23/main.scala
2023.02.25 16:05:55 WARN  no build target for: /home/runner/AOC22Day23/main.scala
2023.02.25 16:05:59 WARN  no build target for: /home/runner/AOC22Day23/main.scala
2023.02.25 16:06:02 WARN  no build target for: /home/runner/AOC22Day23/main.scala
2023.02.25 16:06:05 WARN  no build target for: /home/runner/AOC22Day23/main.scala
2023.02.25 16:06:07 WARN  no build target for: /home/runner/AOC22Day23/main.scala
2023.02.25 16:07:05 WARN  no build target for: /home/runner/AOC22Day23/main.scala
2023.02.25 16:07:46 WARN  no build target for: /home/runner/AOC22Day23/main.scala
2023.02.25 16:12:33 INFO  tracing is disabled for protocol LSP, to enable tracing of incoming and outgoing JSON messages create an empty file at /home/runner/AOC22Day23/.metals/lsp.trace.json or /home/runner/.cache/metals/lsp.trace.json
2023.02.25 16:12:36 INFO  logging to file /home/runner/AOC22Day23/.metals/metals.log
2023.02.25 16:12:36 INFO  Started: Metals version 0.11.9 in workspace '/home/runner/AOC22Day23' .
2023.02.25 16:12:47 INFO  time: initialize in 11s
2023.02.25 16:13:27 INFO  no build target found for /home/runner/AOC22Day23/main.scala. Using presentation compiler with project's scala-library version: 3.2.0
2023.02.25 16:13:29 ERROR Unexpected error initializing serverjava.lang.IllegalStateException: Not a JSON Object: null
	at com.google.gson.JsonElement.getAsJsonObject(JsonElement.java:91)
	at scala.meta.internal.metals.MetalsLanguageServer.$anonfun$syncUserconfiguration$6(MetalsLanguageServer.scala:2711)
	at scala.concurrent.impl.Promise$Transformation.run(Promise.scala:470)
	at java.util.concurrent.ThreadPoolExecutor.runWorker(ThreadPoolExecutor.java:1136)
	at java.util.concurrent.ThreadPoolExecutor$Worker.run(ThreadPoolExecutor.java:635)
	at java.lang.Thread.run(Thread.java:833)

2023.02.25 16:13:30 WARN  no build target for: /home/runner/AOC22Day23/main.scala
2023.02.25 16:13:30 WARN  no build target for: /home/runner/AOC22Day23/main.scala
2023.02.25 16:13:33 WARN  no build target for: /home/runner/AOC22Day23/main.scala
2023.02.25 16:13:34 WARN  no build target for: /home/runner/AOC22Day23/main.scala
2023.02.25 16:13:34 WARN  no build target for: /home/runner/AOC22Day23/main.scala
2023.02.25 16:13:34 WARN  no build target for: /home/runner/AOC22Day23/main.scala
2023.02.25 16:13:59 WARN  no build target for: /home/runner/AOC22Day23/main.scala
Feb 25, 2023 4:14:05 PM org.eclipse.lsp4j.jsonrpc.RemoteEndpoint fallbackResponseError
SEVERE: Internal error: java.lang.StringIndexOutOfBoundsException: String index out of range: 351
java.util.concurrent.CompletionException: java.lang.StringIndexOutOfBoundsException: String index out of range: 351
	at java.base/java.util.concurrent.CompletableFuture.encodeThrowable(CompletableFuture.java:332)
	at java.base/java.util.concurrent.CompletableFuture.completeThrowable(CompletableFuture.java:347)
	at java.base/java.util.concurrent.CompletableFuture$UniAccept.tryFire(CompletableFuture.java:708)
	at java.base/java.util.concurrent.CompletableFuture.postComplete(CompletableFuture.java:510)
	at java.base/java.util.concurrent.CompletableFuture.completeExceptionally(CompletableFuture.java:2162)
	at scala.meta.internal.metals.CancelTokens$.$anonfun$future$1(CancelTokens.scala:40)
	at scala.meta.internal.metals.CancelTokens$.$anonfun$future$1$adapted(CancelTokens.scala:38)
	at scala.concurrent.impl.Promise$Transformation.run(Promise.scala:484)
	at java.base/java.util.concurrent.ThreadPoolExecutor.runWorker(ThreadPoolExecutor.java:1136)
	at java.base/java.util.concurrent.ThreadPoolExecutor$Worker.run(ThreadPoolExecutor.java:635)
	at java.base/java.lang.Thread.run(Thread.java:833)
Caused by: java.lang.StringIndexOutOfBoundsException: String index out of range: 351
	at java.base/java.lang.StringLatin1.charAt(StringLatin1.java:48)
	at java.base/java.lang.String.charAt(String.java:1515)
	at scala.collection.StringOps$.apply$extension(StringOps.scala:188)
	at scala.meta.internal.metals.codeactions.ExtractValueCodeAction.$anonfun$contribute$13(ExtractValueCodeAction.scala:60)
	at scala.Option.map(Option.scala:242)
	at scala.meta.internal.metals.codeactions.ExtractValueCodeAction.$anonfun$contribute$12(ExtractValueCodeAction.scala:57)
	at scala.Option.flatMap(Option.scala:283)
	at scala.meta.internal.metals.codeactions.ExtractValueCodeAction.$anonfun$contribute$9(ExtractValueCodeAction.scala:55)
	at scala.Option$WithFilter.flatMap(Option.scala:283)
	at scala.meta.internal.metals.codeactions.ExtractValueCodeAction.$anonfun$contribute$7(ExtractValueCodeAction.scala:52)
	at scala.Option.flatMap(Option.scala:283)
	at scala.meta.internal.metals.codeactions.ExtractValueCodeAction.$anonfun$contribute$6(ExtractValueCodeAction.scala:51)
	at scala.collection.immutable.List.flatMap(List.scala:293)
	at scala.meta.internal.metals.codeactions.ExtractValueCodeAction.$anonfun$contribute$1(ExtractValueCodeAction.scala:49)
	at scala.concurrent.Future$.$anonfun$apply$1(Future.scala:678)
	at scala.concurrent.impl.Promise$Transformation.run(Promise.scala:467)
	... 3 more

2023.02.25 16:14:09 WARN  no build target for: /home/runner/AOC22Day23/main.scala
2023.02.25 16:14:11 WARN  no build target for: /home/runner/AOC22Day23/main.scala
2023.02.25 16:15:19 WARN  no build target for: /home/runner/AOC22Day23/main.scala
2023.02.25 16:15:22 WARN  no build target for: /home/runner/AOC22Day23/main.scala
2023.02.25 16:15:27 WARN  no build target for: /home/runner/AOC22Day23/main.scala
2023.02.25 16:15:32 WARN  no build target for: /home/runner/AOC22Day23/main.scala
2023.02.25 16:15:35 WARN  no build target for: /home/runner/AOC22Day23/main.scala
2023.02.25 16:15:37 WARN  no build target for: /home/runner/AOC22Day23/main.scala
2023.02.25 16:15:40 WARN  no build target for: /home/runner/AOC22Day23/main.scala
2023.02.25 16:15:43 WARN  no build target for: /home/runner/AOC22Day23/main.scala
2023.02.25 16:16:16 WARN  no build target for: /home/runner/AOC22Day23/main.scala
2023.02.25 16:16:19 WARN  no build target for: /home/runner/AOC22Day23/main.scala
2023.02.25 16:16:52 WARN  no build target for: /home/runner/AOC22Day23/Direction.scala
2023.02.25 16:16:56 WARN  no build target for: /home/runner/AOC22Day23/Direction.scala
2023.02.25 16:17:14 WARN  no build target for: /home/runner/AOC22Day23/main.scala
2023.02.25 16:18:39 WARN  no build target for: /home/runner/AOC22Day23/main.scala
2023.02.25 16:18:44 WARN  no build target for: /home/runner/AOC22Day23/main.scala
2023.02.25 16:18:49 WARN  no build target for: /home/runner/AOC22Day23/main.scala
2023.02.25 16:21:16 WARN  no build target for: /home/runner/AOC22Day23/main.scala
2023.02.25 16:21:19 WARN  no build target for: /home/runner/AOC22Day23/main.scala
2023.02.25 16:21:26 WARN  no build target for: /home/runner/AOC22Day23/main.scala
2023.02.25 16:21:32 WARN  no build target for: /home/runner/AOC22Day23/main.scala
2023.02.25 16:21:38 WARN  no build target for: /home/runner/AOC22Day23/main.scala
2023.02.25 16:21:40 WARN  no build target for: /home/runner/AOC22Day23/main.scala
2023.02.25 16:21:43 WARN  no build target for: /home/runner/AOC22Day23/main.scala
2023.02.25 16:21:49 WARN  no build target for: /home/runner/AOC22Day23/main.scala
2023.02.25 16:21:52 WARN  no build target for: /home/runner/AOC22Day23/main.scala
2023.02.25 16:21:55 WARN  no build target for: /home/runner/AOC22Day23/main.scala
2023.02.25 16:21:57 WARN  no build target for: /home/runner/AOC22Day23/main.scala
2023.02.25 16:22:00 WARN  no build target for: /home/runner/AOC22Day23/main.scala
2023.02.25 16:22:02 WARN  no build target for: /home/runner/AOC22Day23/main.scala
2023.02.25 16:22:04 WARN  no build target for: /home/runner/AOC22Day23/main.scala
2023.02.25 16:22:31 WARN  no build target for: /home/runner/AOC22Day23/main.scala
2023.02.25 16:22:35 WARN  no build target for: /home/runner/AOC22Day23/main.scala
2023.02.25 16:22:38 WARN  no build target for: /home/runner/AOC22Day23/main.scala
2023.02.25 16:22:59 WARN  no build target for: /home/runner/AOC22Day23/main.scala
2023.02.25 16:23:18 WARN  no build target for: /home/runner/AOC22Day23/main.scala
2023.02.25 16:23:20 WARN  no build target for: /home/runner/AOC22Day23/main.scala
2023.02.25 16:23:39 WARN  no build target for: /home/runner/AOC22Day23/main.scala
2023.02.25 16:25:05 WARN  no build target for: /home/runner/AOC22Day23/main.scala
2023.02.25 16:25:07 WARN  no build target for: /home/runner/AOC22Day23/main.scala
2023.02.25 16:25:09 WARN  no build target for: /home/runner/AOC22Day23/main.scala
2023.02.25 16:25:16 WARN  no build target for: /home/runner/AOC22Day23/main.scala
2023.02.25 16:26:53 WARN  no build target for: /home/runner/AOC22Day23/main.scala
2023.02.25 16:27:14 WARN  no build target for: /home/runner/AOC22Day23/main.scala
2023.02.25 16:27:42 WARN  no build target for: /home/runner/AOC22Day23/main.scala
2023.02.25 16:27:46 WARN  no build target for: /home/runner/AOC22Day23/main.scala
2023.02.25 16:27:48 WARN  no build target for: /home/runner/AOC22Day23/main.scala
2023.02.25 16:27:52 WARN  no build target for: /home/runner/AOC22Day23/main.scala
2023.02.25 16:27:55 WARN  no build target for: /home/runner/AOC22Day23/main.scala
2023.02.25 16:27:57 WARN  no build target for: /home/runner/AOC22Day23/main.scala
2023.02.25 16:28:00 WARN  no build target for: /home/runner/AOC22Day23/main.scala
2023.02.25 16:28:04 WARN  no build target for: /home/runner/AOC22Day23/main.scala
2023.02.25 16:28:09 WARN  no build target for: /home/runner/AOC22Day23/main.scala
2023.02.25 16:28:12 WARN  no build target for: /home/runner/AOC22Day23/main.scala
2023.02.25 16:28:17 WARN  no build target for: /home/runner/AOC22Day23/main.scala
2023.02.25 16:28:25 WARN  no build target for: /home/runner/AOC22Day23/main.scala
2023.02.25 16:44:22 WARN  no build target for: /home/runner/AOC22Day23/main.scala
2023.02.25 16:44:55 WARN  no build target for: /home/runner/AOC22Day23/main.scala
2023.02.25 16:44:57 WARN  no build target for: /home/runner/AOC22Day23/main.scala
2023.02.25 16:45:02 WARN  no build target for: /home/runner/AOC22Day23/main.scala
2023.02.25 16:45:17 WARN  no build target for: /home/runner/AOC22Day23/main.scala
2023.02.25 16:45:20 WARN  no build target for: /home/runner/AOC22Day23/main.scala
2023.02.25 16:45:30 WARN  no build target for: /home/runner/AOC22Day23/main.scala
2023.02.25 16:45:47 WARN  no build target for: /home/runner/AOC22Day23/main.scala
2023.02.25 16:45:49 WARN  no build target for: /home/runner/AOC22Day23/main.scala
2023.02.25 16:45:56 WARN  no build target for: /home/runner/AOC22Day23/main.scala
2023.02.25 16:45:58 WARN  no build target for: /home/runner/AOC22Day23/main.scala
2023.02.25 16:46:02 WARN  no build target for: /home/runner/AOC22Day23/main.scala
2023.02.25 16:46:06 WARN  no build target for: /home/runner/AOC22Day23/main.scala
2023.02.25 16:46:08 WARN  no build target for: /home/runner/AOC22Day23/main.scala
2023.02.25 16:46:12 WARN  no build target for: /home/runner/AOC22Day23/main.scala
2023.02.25 16:46:14 WARN  no build target for: /home/runner/AOC22Day23/main.scala
2023.02.25 16:46:21 WARN  no build target for: /home/runner/AOC22Day23/main.scala
2023.02.25 16:46:23 WARN  no build target for: /home/runner/AOC22Day23/main.scala
2023.02.25 16:46:30 WARN  no build target for: /home/runner/AOC22Day23/main.scala
2023.02.25 16:46:33 WARN  no build target for: /home/runner/AOC22Day23/main.scala
2023.02.25 16:46:39 WARN  no build target for: /home/runner/AOC22Day23/main.scala
2023.02.25 16:46:44 WARN  no build target for: /home/runner/AOC22Day23/main.scala
2023.02.25 16:46:51 WARN  no build target for: /home/runner/AOC22Day23/main.scala
2023.02.25 16:46:55 WARN  no build target for: /home/runner/AOC22Day23/main.scala
2023.02.25 16:46:59 WARN  no build target for: /home/runner/AOC22Day23/main.scala
2023.02.25 16:47:04 WARN  no build target for: /home/runner/AOC22Day23/main.scala
2023.02.25 16:47:07 WARN  no build target for: /home/runner/AOC22Day23/main.scala
2023.02.25 16:47:11 WARN  no build target for: /home/runner/AOC22Day23/main.scala
2023.02.25 16:47:15 WARN  no build target for: /home/runner/AOC22Day23/main.scala
2023.02.25 16:47:18 WARN  no build target for: /home/runner/AOC22Day23/main.scala
2023.02.25 16:47:23 WARN  no build target for: /home/runner/AOC22Day23/main.scala
2023.02.25 16:47:25 WARN  no build target for: /home/runner/AOC22Day23/main.scala
2023.02.25 16:47:50 WARN  no build target for: /home/runner/AOC22Day23/main.scala
2023.02.25 16:47:52 WARN  no build target for: /home/runner/AOC22Day23/main.scala
2023.02.25 16:47:55 WARN  no build target for: /home/runner/AOC22Day23/main.scala
2023.02.25 16:48:01 WARN  no build target for: /home/runner/AOC22Day23/main.scala
2023.02.25 16:48:08 WARN  no build target for: /home/runner/AOC22Day23/main.scala
2023.02.25 16:48:33 WARN  no build target for: /home/runner/AOC22Day23/main.scala
2023.02.25 16:48:37 WARN  no build target for: /home/runner/AOC22Day23/main.scala
2023.02.25 16:48:40 WARN  no build target for: /home/runner/AOC22Day23/main.scala
2023.02.25 16:48:43 WARN  no build target for: /home/runner/AOC22Day23/main.scala
2023.02.25 16:48:45 WARN  no build target for: /home/runner/AOC22Day23/main.scala
2023.02.25 16:48:47 WARN  no build target for: /home/runner/AOC22Day23/main.scala
2023.02.25 16:48:51 WARN  no build target for: /home/runner/AOC22Day23/main.scala
2023.02.25 16:49:15 WARN  no build target for: /home/runner/AOC22Day23/main.scala
2023.02.25 16:49:27 WARN  no build target for: /home/runner/AOC22Day23/main.scala
2023.02.25 16:49:37 WARN  no build target for: /home/runner/AOC22Day23/main.scala
2023.02.25 16:50:10 WARN  no build target for: /home/runner/AOC22Day23/main.scala
2023.02.25 16:50:12 WARN  no build target for: /home/runner/AOC22Day23/main.scala
2023.02.25 16:50:27 WARN  no build target for: /home/runner/AOC22Day23/main.scala
2023.02.25 16:50:33 WARN  no build target for: /home/runner/AOC22Day23/main.scala
2023.02.25 16:50:36 WARN  no build target for: /home/runner/AOC22Day23/main.scala
2023.02.25 16:50:40 WARN  no build target for: /home/runner/AOC22Day23/main.scala
2023.02.25 16:50:42 WARN  no build target for: /home/runner/AOC22Day23/main.scala
2023.02.25 16:50:45 WARN  no build target for: /home/runner/AOC22Day23/main.scala
2023.02.25 16:50:48 WARN  no build target for: /home/runner/AOC22Day23/main.scala
2023.02.25 16:50:58 WARN  no build target for: /home/runner/AOC22Day23/main.scala
2023.02.25 16:51:02 WARN  no build target for: /home/runner/AOC22Day23/main.scala
2023.02.25 16:51:04 WARN  no build target for: /home/runner/AOC22Day23/main.scala
2023.02.25 16:51:06 WARN  no build target for: /home/runner/AOC22Day23/main.scala
2023.02.25 16:51:08 WARN  no build target for: /home/runner/AOC22Day23/main.scala
2023.02.25 16:51:25 WARN  no build target for: /home/runner/AOC22Day23/main.scala
2023.02.25 16:51:28 WARN  no build target for: /home/runner/AOC22Day23/main.scala
2023.02.25 16:51:32 WARN  no build target for: /home/runner/AOC22Day23/main.scala
2023.02.25 16:52:03 WARN  no build target for: /home/runner/AOC22Day23/main.scala
2023.02.25 16:52:05 WARN  no build target for: /home/runner/AOC22Day23/main.scala
2023.02.25 16:52:09 WARN  no build target for: /home/runner/AOC22Day23/main.scala
2023.02.25 16:52:14 WARN  no build target for: /home/runner/AOC22Day23/main.scala
2023.02.25 16:52:17 WARN  no build target for: /home/runner/AOC22Day23/main.scala
2023.02.25 16:52:22 WARN  no build target for: /home/runner/AOC22Day23/main.scala
2023.02.25 16:52:27 WARN  no build target for: /home/runner/AOC22Day23/main.scala
2023.02.25 16:52:35 WARN  no build target for: /home/runner/AOC22Day23/main.scala
2023.02.25 16:52:38 WARN  no build target for: /home/runner/AOC22Day23/main.scala
2023.02.25 16:52:41 WARN  no build target for: /home/runner/AOC22Day23/main.scala
2023.02.25 16:53:05 WARN  no build target for: /home/runner/AOC22Day23/main.scala
2023.02.25 16:53:07 WARN  no build target for: /home/runner/AOC22Day23/main.scala
2023.02.25 16:53:21 WARN  no build target for: /home/runner/AOC22Day23/main.scala
2023.02.25 16:54:33 WARN  no build target for: /home/runner/AOC22Day23/main.scala
2023.02.25 16:54:34 WARN  no build target for: /home/runner/AOC22Day23/main.scala
2023.02.25 16:54:37 WARN  no build target for: /home/runner/AOC22Day23/main.scala
2023.02.25 16:54:40 WARN  no build target for: /home/runner/AOC22Day23/main.scala
2023.02.25 16:54:43 WARN  no build target for: /home/runner/AOC22Day23/main.scala
2023.02.25 16:54:47 WARN  no build target for: /home/runner/AOC22Day23/main.scala
2023.02.25 16:54:50 WARN  no build target for: /home/runner/AOC22Day23/main.scala
2023.02.25 16:54:59 WARN  no build target for: /home/runner/AOC22Day23/main.scala
2023.02.25 16:55:01 WARN  no build target for: /home/runner/AOC22Day23/main.scala
2023.02.25 16:55:24 WARN  no build target for: /home/runner/AOC22Day23/main.scala
2023.02.25 16:55:26 WARN  no build target for: /home/runner/AOC22Day23/main.scala
2023.02.25 16:55:30 WARN  no build target for: /home/runner/AOC22Day23/main.scala
2023.02.25 16:55:31 WARN  no build target for: /home/runner/AOC22Day23/main.scala
2023.02.25 16:55:34 WARN  no build target for: /home/runner/AOC22Day23/main.scala
2023.02.25 16:55:37 WARN  no build target for: /home/runner/AOC22Day23/main.scala
2023.02.25 16:55:52 WARN  no build target for: /home/runner/AOC22Day23/main.scala
2023.02.25 16:55:54 WARN  no build target for: /home/runner/AOC22Day23/main.scala
2023.02.25 16:55:57 WARN  no build target for: /home/runner/AOC22Day23/main.scala
2023.02.25 16:56:00 WARN  no build target for: /home/runner/AOC22Day23/main.scala
2023.02.25 16:56:02 WARN  no build target for: /home/runner/AOC22Day23/main.scala
2023.02.25 16:56:05 WARN  no build target for: /home/runner/AOC22Day23/main.scala
2023.02.25 16:56:07 WARN  no build target for: /home/runner/AOC22Day23/main.scala
2023.02.25 16:56:11 WARN  no build target for: /home/runner/AOC22Day23/main.scala
2023.02.25 16:57:07 WARN  no build target for: /home/runner/AOC22Day23/main.scala
2023.02.25 16:57:12 WARN  no build target for: /home/runner/AOC22Day23/main.scala
2023.02.25 16:57:30 WARN  no build target for: /home/runner/AOC22Day23/main.scala
2023.02.25 16:57:34 WARN  no build target for: /home/runner/AOC22Day23/main.scala
2023.02.25 16:57:38 WARN  no build target for: /home/runner/AOC22Day23/main.scala
2023.02.25 16:57:43 WARN  no build target for: /home/runner/AOC22Day23/main.scala
2023.02.25 16:57:48 WARN  no build target for: /home/runner/AOC22Day23/main.scala
2023.02.25 16:57:51 WARN  no build target for: /home/runner/AOC22Day23/main.scala
2023.02.25 16:58:09 WARN  no build target for: /home/runner/AOC22Day23/main.scala
2023.02.25 16:58:14 WARN  no build target for: /home/runner/AOC22Day23/main.scala
Feb 25, 2023 4:58:15 PM org.eclipse.lsp4j.jsonrpc.RemoteEndpoint fallbackResponseError
SEVERE: Internal error: java.lang.StringIndexOutOfBoundsException: begin 1120, end 1144, length 0
java.util.concurrent.CompletionException: java.lang.StringIndexOutOfBoundsException: begin 1120, end 1144, length 0
	at java.base/java.util.concurrent.CompletableFuture.encodeThrowable(CompletableFuture.java:332)
	at java.base/java.util.concurrent.CompletableFuture.completeThrowable(CompletableFuture.java:347)
	at java.base/java.util.concurrent.CompletableFuture$UniAccept.tryFire(CompletableFuture.java:708)
	at java.base/java.util.concurrent.CompletableFuture.postComplete(CompletableFuture.java:510)
	at java.base/java.util.concurrent.CompletableFuture.completeExceptionally(CompletableFuture.java:2162)
	at scala.meta.internal.metals.CancelTokens$.$anonfun$future$1(CancelTokens.scala:40)
	at scala.meta.internal.metals.CancelTokens$.$anonfun$future$1$adapted(CancelTokens.scala:38)
	at scala.concurrent.impl.Promise$Transformation.run(Promise.scala:484)
	at java.base/java.util.concurrent.ThreadPoolExecutor.runWorker(ThreadPoolExecutor.java:1136)
	at java.base/java.util.concurrent.ThreadPoolExecutor$Worker.run(ThreadPoolExecutor.java:635)
	at java.base/java.lang.Thread.run(Thread.java:833)
Caused by: java.lang.StringIndexOutOfBoundsException: begin 1120, end 1144, length 0
	at java.base/java.lang.String.checkBoundsBeginEnd(String.java:4604)
	at java.base/java.lang.String.substring(String.java:2707)
	at scala.meta.internal.metals.codeactions.FlatMapToForComprehensionCodeAction.getIndentForPos(FlatMapToForComprehensionCodeAction.scala:667)
	at scala.meta.internal.metals.codeactions.FlatMapToForComprehensionCodeAction.$anonfun$contribute$4(FlatMapToForComprehensionCodeAction.scala:55)
	at scala.Option.map(Option.scala:242)
	at scala.meta.internal.metals.codeactions.FlatMapToForComprehensionCodeAction.$anonfun$contribute$3(FlatMapToForComprehensionCodeAction.scala:51)
	at scala.Option.flatMap(Option.scala:283)
	at scala.meta.internal.metals.codeactions.FlatMapToForComprehensionCodeAction.$anonfun$contribute$2(FlatMapToForComprehensionCodeAction.scala:50)
	at scala.Option.flatMap(Option.scala:283)
	at scala.meta.internal.metals.codeactions.FlatMapToForComprehensionCodeAction.$anonfun$contribute$1(FlatMapToForComprehensionCodeAction.scala:49)
	at scala.concurrent.Future$.$anonfun$apply$1(Future.scala:678)
	at scala.concurrent.impl.Promise$Transformation.run(Promise.scala:467)
	... 3 more

2023.02.25 16:58:17 WARN  no build target for: /home/runner/AOC22Day23/main.scala
2023.02.25 16:58:22 WARN  no build target for: /home/runner/AOC22Day23/main.scala
2023.02.25 19:18:37 INFO  tracing is disabled for protocol LSP, to enable tracing of incoming and outgoing JSON messages create an empty file at /home/runner/AOC22Day23/.metals/lsp.trace.json or /home/runner/.cache/metals/lsp.trace.json
2023.02.25 19:18:41 INFO  logging to file /home/runner/AOC22Day23/.metals/metals.log
2023.02.25 19:18:41 INFO  Started: Metals version 0.11.9 in workspace '/home/runner/AOC22Day23' .
2023.02.25 19:18:56 INFO  time: initialize in 15s
2023.02.25 19:19:37 INFO  no build target found for /home/runner/AOC22Day23/main.scala. Using presentation compiler with project's scala-library version: 3.2.0
2023.02.25 19:19:38 ERROR Unexpected error initializing serverjava.lang.IllegalStateException: Not a JSON Object: null
	at com.google.gson.JsonElement.getAsJsonObject(JsonElement.java:91)
	at scala.meta.internal.metals.MetalsLanguageServer.$anonfun$syncUserconfiguration$6(MetalsLanguageServer.scala:2711)
	at scala.concurrent.impl.Promise$Transformation.run(Promise.scala:470)
	at java.util.concurrent.ThreadPoolExecutor.runWorker(ThreadPoolExecutor.java:1136)
	at java.util.concurrent.ThreadPoolExecutor$Worker.run(ThreadPoolExecutor.java:635)
	at java.lang.Thread.run(Thread.java:833)

2023.02.26 07:13:20 INFO  tracing is disabled for protocol LSP, to enable tracing of incoming and outgoing JSON messages create an empty file at /home/runner/AOC22Day23/.metals/lsp.trace.json or /home/runner/.cache/metals/lsp.trace.json
2023.02.26 07:13:23 INFO  logging to file /home/runner/AOC22Day23/.metals/metals.log
2023.02.26 07:13:23 INFO  Started: Metals version 0.11.9 in workspace '/home/runner/AOC22Day23' .
2023.02.26 07:13:44 INFO  time: initialize in 21s
2023.02.26 07:14:34 INFO  no build target found for /home/runner/AOC22Day23/main.scala. Using presentation compiler with project's scala-library version: 3.2.0
2023.02.26 07:14:35 ERROR Unexpected error initializing serverjava.lang.IllegalStateException: Not a JSON Object: null
	at com.google.gson.JsonElement.getAsJsonObject(JsonElement.java:91)
	at scala.meta.internal.metals.MetalsLanguageServer.$anonfun$syncUserconfiguration$6(MetalsLanguageServer.scala:2711)
	at scala.concurrent.impl.Promise$Transformation.run(Promise.scala:470)
	at java.util.concurrent.ThreadPoolExecutor.runWorker(ThreadPoolExecutor.java:1136)
	at java.util.concurrent.ThreadPoolExecutor$Worker.run(ThreadPoolExecutor.java:635)
	at java.lang.Thread.run(Thread.java:833)

Feb 26, 2023 7:14:42 AM org.eclipse.lsp4j.jsonrpc.RemoteEndpoint fallbackResponseError
SEVERE: Internal error: java.lang.StringIndexOutOfBoundsException: begin 723, end 723, length 5
java.util.concurrent.CompletionException: java.lang.StringIndexOutOfBoundsException: begin 723, end 723, length 5
	at java.base/java.util.concurrent.CompletableFuture.encodeThrowable(CompletableFuture.java:332)
	at java.base/java.util.concurrent.CompletableFuture.completeThrowable(CompletableFuture.java:347)
	at java.base/java.util.concurrent.CompletableFuture$UniAccept.tryFire(CompletableFuture.java:708)
	at java.base/java.util.concurrent.CompletableFuture.postComplete(CompletableFuture.java:510)
	at java.base/java.util.concurrent.CompletableFuture.completeExceptionally(CompletableFuture.java:2162)
	at scala.meta.internal.metals.CancelTokens$.$anonfun$future$1(CancelTokens.scala:40)
	at scala.meta.internal.metals.CancelTokens$.$anonfun$future$1$adapted(CancelTokens.scala:38)
	at scala.concurrent.impl.Promise$Transformation.run(Promise.scala:484)
	at java.base/java.util.concurrent.ThreadPoolExecutor.runWorker(ThreadPoolExecutor.java:1136)
	at java.base/java.util.concurrent.ThreadPoolExecutor$Worker.run(ThreadPoolExecutor.java:635)
	at java.base/java.lang.Thread.run(Thread.java:833)
Caused by: java.lang.StringIndexOutOfBoundsException: begin 723, end 723, length 5
	at java.base/java.lang.String.checkBoundsBeginEnd(String.java:4604)
	at java.base/java.lang.String.substring(String.java:2707)
	at scala.meta.internal.metals.codeactions.CreateCompanionObjectCodeAction.getIndentationForPositionInDocument(CreateCompanionObjectCodeAction.scala:91)
	at scala.meta.internal.metals.codeactions.CreateCompanionObjectCodeAction.$anonfun$contribute$5(CreateCompanionObjectCodeAction.scala:63)
	at scala.Option.map(Option.scala:242)
	at scala.meta.internal.metals.codeactions.CreateCompanionObjectCodeAction.$anonfun$contribute$4(CreateCompanionObjectCodeAction.scala:58)
	at scala.Option$WithFilter.flatMap(Option.scala:283)
	at scala.meta.internal.metals.codeactions.CreateCompanionObjectCodeAction.$anonfun$contribute$2(CreateCompanionObjectCodeAction.scala:56)
	at scala.Option.flatMap(Option.scala:283)
	at scala.meta.internal.metals.codeactions.CreateCompanionObjectCodeAction.$anonfun$contribute$1(CreateCompanionObjectCodeAction.scala:55)
	at scala.concurrent.Future$.$anonfun$apply$1(Future.scala:678)
	at scala.concurrent.impl.Promise$Transformation.run(Promise.scala:467)
	... 3 more

2023.02.26 07:14:43 WARN  no build target for: /home/runner/AOC22Day23/main.scala
2023.02.26 07:14:43 WARN  no build target for: /home/runner/AOC22Day23/main.scala
2023.02.26 07:14:44 WARN  no build target for: /home/runner/AOC22Day23/main.scala
2023.02.26 07:15:00 WARN  no build target for: /home/runner/AOC22Day23/main.scala
2023.02.26 07:15:03 WARN  no build target for: /home/runner/AOC22Day23/main.scala
2023.02.26 07:15:05 WARN  no build target for: /home/runner/AOC22Day23/main.scala
2023.02.26 07:15:08 WARN  no build target for: /home/runner/AOC22Day23/main.scala
2023.02.26 07:15:12 WARN  no build target for: /home/runner/AOC22Day23/main.scala
2023.02.26 07:15:19 WARN  no build target for: /home/runner/AOC22Day23/main.scala
2023.02.26 07:15:26 WARN  no build target for: /home/runner/AOC22Day23/main.scala
2023.02.26 07:15:30 WARN  no build target for: /home/runner/AOC22Day23/main.scala
2023.02.26 07:15:32 WARN  no build target for: /home/runner/AOC22Day23/main.scala
2023.02.26 07:15:34 WARN  no build target for: /home/runner/AOC22Day23/main.scala
2023.02.26 07:15:36 WARN  no build target for: /home/runner/AOC22Day23/main.scala
2023.02.26 07:15:38 WARN  no build target for: /home/runner/AOC22Day23/main.scala
2023.02.26 07:15:41 WARN  no build target for: /home/runner/AOC22Day23/main.scala
2023.02.26 07:15:47 WARN  no build target for: /home/runner/AOC22Day23/main.scala
2023.02.26 07:15:49 WARN  no build target for: /home/runner/AOC22Day23/main.scala
2023.02.26 07:15:53 WARN  no build target for: /home/runner/AOC22Day23/main.scala
2023.02.26 07:15:55 WARN  no build target for: /home/runner/AOC22Day23/main.scala
2023.02.26 07:16:03 WARN  no build target for: /home/runner/AOC22Day23/main.scala
2023.02.26 07:16:05 WARN  no build target for: /home/runner/AOC22Day23/main.scala
2023.02.26 07:16:07 WARN  no build target for: /home/runner/AOC22Day23/main.scala
2023.02.26 07:16:14 WARN  no build target for: /home/runner/AOC22Day23/main.scala
2023.02.26 07:16:17 WARN  no build target for: /home/runner/AOC22Day23/main.scala
2023.02.26 07:16:19 WARN  no build target for: /home/runner/AOC22Day23/main.scala
2023.02.26 07:16:24 WARN  no build target for: /home/runner/AOC22Day23/main.scala
2023.02.26 07:16:29 WARN  no build target for: /home/runner/AOC22Day23/main.scala
2023.02.26 07:16:35 WARN  no build target for: /home/runner/AOC22Day23/main.scala
2023.02.26 07:16:37 WARN  no build target for: /home/runner/AOC22Day23/main.scala
2023.02.26 07:16:41 WARN  no build target for: /home/runner/AOC22Day23/main.scala
2023.02.26 07:17:26 WARN  no build target for: /home/runner/AOC22Day23/main.scala
2023.02.26 07:17:32 WARN  no build target for: /home/runner/AOC22Day23/main.scala
2023.02.26 07:17:35 WARN  no build target for: /home/runner/AOC22Day23/main.scala
2023.02.26 07:17:40 WARN  no build target for: /home/runner/AOC22Day23/main.scala
2023.02.26 07:17:43 WARN  no build target for: /home/runner/AOC22Day23/main.scala
2023.02.26 07:17:44 WARN  no build target for: /home/runner/AOC22Day23/main.scala
2023.02.26 07:17:45 WARN  no build target for: /home/runner/AOC22Day23/main.scala
2023.02.26 07:17:49 WARN  no build target for: /home/runner/AOC22Day23/main.scala
2023.02.26 07:18:18 WARN  no build target for: /home/runner/AOC22Day23/main.scala
2023.02.26 07:18:33 WARN  no build target for: /home/runner/AOC22Day23/main.scala
2023.02.26 07:18:42 WARN  no build target for: /home/runner/AOC22Day23/main.scala
2023.02.26 07:18:46 WARN  no build target for: /home/runner/AOC22Day23/main.scala
2023.02.26 07:18:49 WARN  no build target for: /home/runner/AOC22Day23/main.scala
2023.02.26 07:18:51 WARN  no build target for: /home/runner/AOC22Day23/main.scala
2023.02.26 07:18:56 WARN  no build target for: /home/runner/AOC22Day23/main.scala
2023.02.26 07:18:58 WARN  no build target for: /home/runner/AOC22Day23/main.scala
2023.02.26 07:19:02 WARN  no build target for: /home/runner/AOC22Day23/main.scala
2023.02.26 07:19:05 WARN  no build target for: /home/runner/AOC22Day23/main.scala
2023.02.26 07:19:07 WARN  no build target for: /home/runner/AOC22Day23/main.scala
2023.02.26 07:19:30 WARN  no build target for: /home/runner/AOC22Day23/main.scala
2023.02.26 07:19:37 WARN  no build target for: /home/runner/AOC22Day23/main.scala
2023.02.26 07:19:52 WARN  no build target for: /home/runner/AOC22Day23/main.scala
2023.02.26 07:19:56 WARN  no build target for: /home/runner/AOC22Day23/main.scala
2023.02.26 07:20:10 WARN  no build target for: /home/runner/AOC22Day23/main.scala
2023.02.26 07:20:32 WARN  no build target for: /home/runner/AOC22Day23/main.scala
2023.02.26 07:20:37 WARN  no build target for: /home/runner/AOC22Day23/main.scala
2023.02.26 07:20:42 WARN  no build target for: /home/runner/AOC22Day23/main.scala
2023.02.26 07:20:45 WARN  no build target for: /home/runner/AOC22Day23/main.scala
2023.02.26 07:20:47 WARN  no build target for: /home/runner/AOC22Day23/main.scala
2023.02.26 07:20:49 WARN  no build target for: /home/runner/AOC22Day23/main.scala
2023.02.26 07:20:58 WARN  no build target for: /home/runner/AOC22Day23/main.scala
2023.02.26 07:21:01 WARN  no build target for: /home/runner/AOC22Day23/main.scala
2023.02.26 07:21:10 WARN  no build target for: /home/runner/AOC22Day23/main.scala
2023.02.26 07:21:14 WARN  no build target for: /home/runner/AOC22Day23/main.scala
2023.02.26 07:21:38 WARN  no build target for: /home/runner/AOC22Day23/main.scala
2023.02.26 07:21:41 WARN  no build target for: /home/runner/AOC22Day23/main.scala
2023.02.26 07:21:46 WARN  no build target for: /home/runner/AOC22Day23/main.scala
2023.02.26 07:21:48 WARN  no build target for: /home/runner/AOC22Day23/main.scala
2023.02.26 07:21:51 WARN  no build target for: /home/runner/AOC22Day23/main.scala
2023.02.26 07:21:59 WARN  no build target for: /home/runner/AOC22Day23/main.scala
2023.02.26 07:22:02 WARN  no build target for: /home/runner/AOC22Day23/main.scala
2023.02.26 07:22:11 WARN  no build target for: /home/runner/AOC22Day23/main.scala
2023.02.26 07:22:16 WARN  no build target for: /home/runner/AOC22Day23/main.scala
2023.02.26 07:22:19 WARN  no build target for: /home/runner/AOC22Day23/main.scala
2023.02.26 07:22:24 WARN  no build target for: /home/runner/AOC22Day23/main.scala
2023.02.26 07:22:27 WARN  no build target for: /home/runner/AOC22Day23/main.scala
2023.02.26 07:22:29 WARN  no build target for: /home/runner/AOC22Day23/main.scala
2023.02.26 07:22:32 WARN  no build target for: /home/runner/AOC22Day23/main.scala
2023.02.26 07:22:40 WARN  no build target for: /home/runner/AOC22Day23/main.scala
2023.02.26 07:22:45 WARN  no build target for: /home/runner/AOC22Day23/main.scala
2023.02.26 07:22:54 WARN  no build target for: /home/runner/AOC22Day23/main.scala
2023.02.26 07:22:56 WARN  no build target for: /home/runner/AOC22Day23/main.scala
2023.02.26 07:22:58 WARN  no build target for: /home/runner/AOC22Day23/main.scala
2023.02.26 07:23:03 WARN  no build target for: /home/runner/AOC22Day23/main.scala
2023.02.26 07:23:08 WARN  no build target for: /home/runner/AOC22Day23/main.scala
2023.02.26 07:23:14 WARN  no build target for: /home/runner/AOC22Day23/main.scala
2023.02.26 07:23:18 WARN  no build target for: /home/runner/AOC22Day23/main.scala
2023.02.26 07:23:20 WARN  no build target for: /home/runner/AOC22Day23/main.scala
2023.02.26 07:23:25 WARN  no build target for: /home/runner/AOC22Day23/main.scala
Feb 26, 2023 7:23:26 AM org.eclipse.lsp4j.jsonrpc.RemoteEndpoint fallbackResponseError
SEVERE: Internal error: java.lang.StringIndexOutOfBoundsException: begin 2466, end 2526, length 0
java.util.concurrent.CompletionException: java.lang.StringIndexOutOfBoundsException: begin 2466, end 2526, length 0
	at java.base/java.util.concurrent.CompletableFuture.encodeThrowable(CompletableFuture.java:332)
	at java.base/java.util.concurrent.CompletableFuture.completeThrowable(CompletableFuture.java:347)
	at java.base/java.util.concurrent.CompletableFuture$UniAccept.tryFire(CompletableFuture.java:708)
	at java.base/java.util.concurrent.CompletableFuture.postComplete(CompletableFuture.java:510)
	at java.base/java.util.concurrent.CompletableFuture.completeExceptionally(CompletableFuture.java:2162)
	at scala.meta.internal.metals.CancelTokens$.$anonfun$future$1(CancelTokens.scala:40)
	at scala.meta.internal.metals.CancelTokens$.$anonfun$future$1$adapted(CancelTokens.scala:38)
	at scala.concurrent.impl.Promise$Transformation.run(Promise.scala:484)
	at java.base/java.util.concurrent.ThreadPoolExecutor.runWorker(ThreadPoolExecutor.java:1136)
	at java.base/java.util.concurrent.ThreadPoolExecutor$Worker.run(ThreadPoolExecutor.java:635)
	at java.base/java.lang.Thread.run(Thread.java:833)
Caused by: java.lang.StringIndexOutOfBoundsException: begin 2466, end 2526, length 0
	at java.base/java.lang.String.checkBoundsBeginEnd(String.java:4604)
	at java.base/java.lang.String.substring(String.java:2707)
	at scala.meta.internal.metals.codeactions.FlatMapToForComprehensionCodeAction.getIndentForPos(FlatMapToForComprehensionCodeAction.scala:667)
	at scala.meta.internal.metals.codeactions.FlatMapToForComprehensionCodeAction.$anonfun$contribute$4(FlatMapToForComprehensionCodeAction.scala:55)
	at scala.Option.map(Option.scala:242)
	at scala.meta.internal.metals.codeactions.FlatMapToForComprehensionCodeAction.$anonfun$contribute$3(FlatMapToForComprehensionCodeAction.scala:51)
	at scala.Option.flatMap(Option.scala:283)
	at scala.meta.internal.metals.codeactions.FlatMapToForComprehensionCodeAction.$anonfun$contribute$2(FlatMapToForComprehensionCodeAction.scala:50)
	at scala.Option.flatMap(Option.scala:283)
	at scala.meta.internal.metals.codeactions.FlatMapToForComprehensionCodeAction.$anonfun$contribute$1(FlatMapToForComprehensionCodeAction.scala:49)
	at scala.concurrent.Future$.$anonfun$apply$1(Future.scala:678)
	at scala.concurrent.impl.Promise$Transformation.run(Promise.scala:467)
	... 3 more

2023.02.26 07:23:28 WARN  no build target for: /home/runner/AOC22Day23/main.scala
2023.02.26 07:23:31 WARN  no build target for: /home/runner/AOC22Day23/main.scala
2023.03.03 18:45:06 INFO  tracing is disabled for protocol LSP, to enable tracing of incoming and outgoing JSON messages create an empty file at /home/runner/AOC22Day23/.metals/lsp.trace.json or /home/runner/.cache/metals/lsp.trace.json
2023.03.03 18:45:10 INFO  logging to file /home/runner/AOC22Day23/.metals/metals.log
2023.03.03 18:45:10 INFO  Started: Metals version 0.11.9 in workspace '/home/runner/AOC22Day23' .
2023.03.03 18:45:24 INFO  time: initialize in 14s
2023.03.03 18:46:27 INFO  no build target found for /home/runner/AOC22Day23/main.scala. Using presentation compiler with project's scala-library version: 3.2.0
2023.03.03 18:46:28 ERROR Unexpected error initializing serverjava.lang.IllegalStateException: Not a JSON Object: null
	at com.google.gson.JsonElement.getAsJsonObject(JsonElement.java:91)
	at scala.meta.internal.metals.MetalsLanguageServer.$anonfun$syncUserconfiguration$6(MetalsLanguageServer.scala:2711)
	at scala.concurrent.impl.Promise$Transformation.run(Promise.scala:470)
	at java.util.concurrent.ThreadPoolExecutor.runWorker(ThreadPoolExecutor.java:1136)
	at java.util.concurrent.ThreadPoolExecutor$Worker.run(ThreadPoolExecutor.java:635)
	at java.lang.Thread.run(Thread.java:833)

2023.03.03 18:47:26 WARN  no build target for: /home/runner/AOC22Day23/main.scala
2023.03.03 18:47:29 WARN  no build target for: /home/runner/AOC22Day23/main.scala
2023.03.03 18:47:32 WARN  no build target for: /home/runner/AOC22Day23/main.scala
2023.03.03 18:47:44 WARN  no build target for: /home/runner/AOC22Day23/main.scala
2023.03.03 18:47:52 WARN  no build target for: /home/runner/AOC22Day23/main.scala
2023.03.03 18:47:56 WARN  no build target for: /home/runner/AOC22Day23/main.scala
2023.03.03 18:48:40 WARN  no build target for: /home/runner/AOC22Day23/main.scala
2023.03.03 18:48:44 WARN  no build target for: /home/runner/AOC22Day23/main.scala
2023.03.03 18:48:49 WARN  no build target for: /home/runner/AOC22Day23/main.scala
2023.03.03 18:48:54 WARN  no build target for: /home/runner/AOC22Day23/main.scala
2023.03.03 18:48:58 WARN  no build target for: /home/runner/AOC22Day23/main.scala
2023.03.03 18:49:02 WARN  no build target for: /home/runner/AOC22Day23/main.scala
2023.03.03 18:49:47 WARN  no build target for: /home/runner/AOC22Day23/main.scala
2023.03.03 18:49:50 WARN  no build target for: /home/runner/AOC22Day23/main.scala
2023.03.03 18:49:58 WARN  no build target for: /home/runner/AOC22Day23/main.scala
2023.03.03 18:50:01 WARN  no build target for: /home/runner/AOC22Day23/main.scala
2023.03.03 18:50:04 WARN  no build target for: /home/runner/AOC22Day23/main.scala
2023.03.03 18:50:28 WARN  no build target for: /home/runner/AOC22Day23/main.scala
2023.03.03 18:50:30 WARN  no build target for: /home/runner/AOC22Day23/main.scala
2023.03.03 18:50:38 WARN  no build target for: /home/runner/AOC22Day23/main.scala
2023.03.03 18:50:41 WARN  no build target for: /home/runner/AOC22Day23/main.scala
2023.03.03 18:50:45 WARN  no build target for: /home/runner/AOC22Day23/main.scala
2023.03.03 18:50:49 WARN  no build target for: /home/runner/AOC22Day23/main.scala
2023.03.03 18:50:51 WARN  no build target for: /home/runner/AOC22Day23/main.scala
2023.03.03 18:50:56 WARN  no build target for: /home/runner/AOC22Day23/main.scala
2023.03.03 18:50:59 WARN  no build target for: /home/runner/AOC22Day23/main.scala
2023.03.03 18:51:02 WARN  no build target for: /home/runner/AOC22Day23/main.scala
2023.03.03 18:51:05 WARN  no build target for: /home/runner/AOC22Day23/main.scala
2023.03.03 18:51:09 WARN  no build target for: /home/runner/AOC22Day23/main.scala
2023.03.03 18:51:13 WARN  no build target for: /home/runner/AOC22Day23/main.scala
2023.03.03 18:51:15 WARN  no build target for: /home/runner/AOC22Day23/main.scala
2023.03.03 18:51:22 WARN  no build target for: /home/runner/AOC22Day23/main.scala
2023.03.03 18:51:24 WARN  no build target for: /home/runner/AOC22Day23/main.scala
2023.03.03 18:51:49 WARN  no build target for: /home/runner/AOC22Day23/main.scala
2023.03.03 18:51:52 WARN  no build target for: /home/runner/AOC22Day23/main.scala
2023.03.03 18:51:54 WARN  no build target for: /home/runner/AOC22Day23/main.scala
2023.03.03 18:52:05 WARN  no build target for: /home/runner/AOC22Day23/main.scala
2023.03.03 18:52:07 WARN  no build target for: /home/runner/AOC22Day23/main.scala
2023.03.03 18:52:26 WARN  no build target for: /home/runner/AOC22Day23/main.scala
2023.03.03 18:53:16 WARN  no build target for: /home/runner/AOC22Day23/main.scala
2023.03.03 18:53:19 WARN  no build target for: /home/runner/AOC22Day23/main.scala
2023.03.03 18:53:30 WARN  no build target for: /home/runner/AOC22Day23/main.scala
2023.03.03 18:53:33 WARN  no build target for: /home/runner/AOC22Day23/main.scala
2023.03.03 18:53:36 WARN  no build target for: /home/runner/AOC22Day23/main.scala
2023.03.03 18:53:49 WARN  no build target for: /home/runner/AOC22Day23/main.scala
2023.03.03 18:53:51 WARN  no build target for: /home/runner/AOC22Day23/main.scala
2023.03.03 18:53:57 WARN  no build target for: /home/runner/AOC22Day23/main.scala
2023.03.03 18:54:02 WARN  no build target for: /home/runner/AOC22Day23/main.scala
2023.03.03 18:54:04 WARN  no build target for: /home/runner/AOC22Day23/main.scala
2023.03.03 18:54:07 WARN  no build target for: /home/runner/AOC22Day23/main.scala
2023.03.03 18:54:15 WARN  no build target for: /home/runner/AOC22Day23/main.scala
2023.03.03 18:54:18 WARN  no build target for: /home/runner/AOC22Day23/main.scala
2023.03.03 18:54:33 WARN  no build target for: /home/runner/AOC22Day23/main.scala
2023.03.03 18:54:36 WARN  no build target for: /home/runner/AOC22Day23/main.scala
2023.03.03 18:54:39 WARN  no build target for: /home/runner/AOC22Day23/main.scala
2023.03.03 18:54:42 WARN  no build target for: /home/runner/AOC22Day23/main.scala
2023.03.03 18:55:12 WARN  no build target for: /home/runner/AOC22Day23/main.scala
2023.03.03 18:55:15 WARN  no build target for: /home/runner/AOC22Day23/main.scala
2023.03.03 18:56:03 WARN  no build target for: /home/runner/AOC22Day23/main.scala
2023.03.03 18:56:05 WARN  no build target for: /home/runner/AOC22Day23/main.scala
2023.03.03 18:56:08 WARN  no build target for: /home/runner/AOC22Day23/main.scala
2023.03.03 18:56:11 WARN  no build target for: /home/runner/AOC22Day23/main.scala
2023.03.03 18:56:29 WARN  no build target for: /home/runner/AOC22Day23/main.scala
2023.03.03 18:56:34 WARN  no build target for: /home/runner/AOC22Day23/main.scala
2023.03.03 18:56:37 WARN  no build target for: /home/runner/AOC22Day23/main.scala
2023.03.03 18:56:41 WARN  no build target for: /home/runner/AOC22Day23/main.scala
2023.03.03 18:56:44 WARN  no build target for: /home/runner/AOC22Day23/main.scala
2023.03.03 18:56:48 WARN  no build target for: /home/runner/AOC22Day23/main.scala
2023.03.03 18:56:53 WARN  no build target for: /home/runner/AOC22Day23/main.scala
2023.03.03 18:56:58 WARN  no build target for: /home/runner/AOC22Day23/main.scala
2023.03.03 18:57:06 WARN  no build target for: /home/runner/AOC22Day23/main.scala
2023.03.03 18:57:10 WARN  no build target for: /home/runner/AOC22Day23/main.scala
2023.03.03 18:57:14 WARN  no build target for: /home/runner/AOC22Day23/main.scala
2023.03.03 18:57:17 WARN  no build target for: /home/runner/AOC22Day23/main.scala
2023.03.03 18:57:19 WARN  no build target for: /home/runner/AOC22Day23/main.scala
2023.03.03 18:57:22 WARN  no build target for: /home/runner/AOC22Day23/main.scala
2023.03.03 18:57:26 WARN  no build target for: /home/runner/AOC22Day23/main.scala
2023.03.03 18:57:31 WARN  no build target for: /home/runner/AOC22Day23/main.scala
2023.03.03 18:57:34 WARN  no build target for: /home/runner/AOC22Day23/main.scala
2023.03.03 18:57:36 WARN  no build target for: /home/runner/AOC22Day23/main.scala
2023.03.03 18:58:07 WARN  no build target for: /home/runner/AOC22Day23/main.scala
2023.03.03 18:58:14 WARN  no build target for: /home/runner/AOC22Day23/main.scala
2023.03.03 18:58:23 WARN  no build target for: /home/runner/AOC22Day23/main.scala
2023.03.03 18:58:30 WARN  no build target for: /home/runner/AOC22Day23/main.scala
2023.03.03 18:58:33 WARN  no build target for: /home/runner/AOC22Day23/main.scala
2023.03.03 18:58:36 WARN  no build target for: /home/runner/AOC22Day23/main.scala
2023.03.03 18:58:59 WARN  no build target for: /home/runner/AOC22Day23/main.scala
2023.03.03 18:59:24 WARN  no build target for: /home/runner/AOC22Day23/main.scala
2023.03.03 18:59:26 WARN  no build target for: /home/runner/AOC22Day23/main.scala
2023.03.03 18:59:29 WARN  no build target for: /home/runner/AOC22Day23/main.scala
2023.03.03 18:59:35 WARN  no build target for: /home/runner/AOC22Day23/main.scala
2023.03.03 18:59:37 WARN  no build target for: /home/runner/AOC22Day23/main.scala
2023.03.03 18:59:41 WARN  no build target for: /home/runner/AOC22Day23/main.scala
2023.03.03 18:59:44 WARN  no build target for: /home/runner/AOC22Day23/main.scala
2023.03.03 18:59:53 WARN  no build target for: /home/runner/AOC22Day23/main.scala
2023.03.03 18:59:55 WARN  no build target for: /home/runner/AOC22Day23/main.scala
2023.03.03 18:59:59 WARN  no build target for: /home/runner/AOC22Day23/main.scala
2023.03.03 19:00:04 WARN  no build target for: /home/runner/AOC22Day23/main.scala
2023.03.03 19:00:06 WARN  no build target for: /home/runner/AOC22Day23/main.scala
2023.03.03 19:00:10 WARN  no build target for: /home/runner/AOC22Day23/main.scala
2023.03.03 19:00:14 WARN  no build target for: /home/runner/AOC22Day23/main.scala
2023.03.03 19:00:17 WARN  no build target for: /home/runner/AOC22Day23/main.scala
2023.03.03 19:01:01 WARN  no build target for: /home/runner/AOC22Day23/main.scala
2023.03.03 19:01:04 WARN  no build target for: /home/runner/AOC22Day23/main.scala
2023.03.03 19:01:08 WARN  no build target for: /home/runner/AOC22Day23/main.scala
2023.03.03 19:01:25 WARN  no build target for: /home/runner/AOC22Day23/main.scala
2023.03.03 19:01:28 WARN  no build target for: /home/runner/AOC22Day23/main.scala
2023.03.03 19:01:32 WARN  no build target for: /home/runner/AOC22Day23/main.scala
2023.03.03 19:01:37 WARN  no build target for: /home/runner/AOC22Day23/main.scala
2023.03.03 19:01:46 WARN  no build target for: /home/runner/AOC22Day23/main.scala
2023.03.03 19:01:50 WARN  no build target for: /home/runner/AOC22Day23/main.scala
2023.03.03 19:01:53 WARN  no build target for: /home/runner/AOC22Day23/main.scala
2023.03.03 19:01:55 WARN  no build target for: /home/runner/AOC22Day23/main.scala
2023.03.03 19:02:00 WARN  no build target for: /home/runner/AOC22Day23/main.scala
2023.03.03 19:02:03 WARN  no build target for: /home/runner/AOC22Day23/main.scala
2023.03.03 19:02:11 WARN  no build target for: /home/runner/AOC22Day23/main.scala
2023.03.03 19:02:13 WARN  no build target for: /home/runner/AOC22Day23/main.scala
2023.03.03 19:02:17 WARN  no build target for: /home/runner/AOC22Day23/main.scala
2023.03.03 19:02:22 WARN  no build target for: /home/runner/AOC22Day23/main.scala
2023.03.03 19:04:28 WARN  no build target for: /home/runner/AOC22Day23/main.scala
2023.03.03 19:04:39 WARN  no build target for: /home/runner/AOC22Day23/main.scala
2023.03.03 19:04:42 WARN  no build target for: /home/runner/AOC22Day23/main.scala
2023.03.03 19:04:45 WARN  no build target for: /home/runner/AOC22Day23/main.scala
2023.03.03 19:04:49 WARN  no build target for: /home/runner/AOC22Day23/main.scala
2023.03.03 19:04:52 WARN  no build target for: /home/runner/AOC22Day23/main.scala
2023.03.03 19:05:01 WARN  no build target for: /home/runner/AOC22Day23/main.scala
2023.03.03 19:05:07 WARN  no build target for: /home/runner/AOC22Day23/main.scala
2023.03.03 19:05:31 WARN  no build target for: /home/runner/AOC22Day23/main.scala
2023.03.03 19:05:35 WARN  no build target for: /home/runner/AOC22Day23/main.scala
2023.03.03 19:05:37 WARN  no build target for: /home/runner/AOC22Day23/main.scala
2023.03.03 19:05:40 WARN  no build target for: /home/runner/AOC22Day23/main.scala
2023.03.03 19:05:44 WARN  no build target for: /home/runner/AOC22Day23/main.scala
2023.03.03 19:08:31 WARN  no build target for: /home/runner/AOC22Day23/main.scala
Mar 03, 2023 7:08:31 PM org.eclipse.lsp4j.jsonrpc.RemoteEndpoint fallbackResponseError
SEVERE: Internal error: java.lang.StringIndexOutOfBoundsException: begin 723, end 723, length 4
java.util.concurrent.CompletionException: java.lang.StringIndexOutOfBoundsException: begin 723, end 723, length 4
	at java.base/java.util.concurrent.CompletableFuture.encodeThrowable(CompletableFuture.java:332)
	at java.base/java.util.concurrent.CompletableFuture.completeThrowable(CompletableFuture.java:347)
	at java.base/java.util.concurrent.CompletableFuture$UniAccept.tryFire(CompletableFuture.java:708)
	at java.base/java.util.concurrent.CompletableFuture.postComplete(CompletableFuture.java:510)
	at java.base/java.util.concurrent.CompletableFuture.completeExceptionally(CompletableFuture.java:2162)
	at scala.meta.internal.metals.CancelTokens$.$anonfun$future$1(CancelTokens.scala:40)
	at scala.meta.internal.metals.CancelTokens$.$anonfun$future$1$adapted(CancelTokens.scala:38)
	at scala.concurrent.impl.Promise$Transformation.run(Promise.scala:484)
	at java.base/java.util.concurrent.ThreadPoolExecutor.runWorker(ThreadPoolExecutor.java:1136)
	at java.base/java.util.concurrent.ThreadPoolExecutor$Worker.run(ThreadPoolExecutor.java:635)
	at java.base/java.lang.Thread.run(Thread.java:833)
Caused by: java.lang.StringIndexOutOfBoundsException: begin 723, end 723, length 4
	at java.base/java.lang.String.checkBoundsBeginEnd(String.java:4604)
	at java.base/java.lang.String.substring(String.java:2707)
	at scala.meta.internal.metals.codeactions.CreateCompanionObjectCodeAction.getIndentationForPositionInDocument(CreateCompanionObjectCodeAction.scala:91)
	at scala.meta.internal.metals.codeactions.CreateCompanionObjectCodeAction.$anonfun$contribute$5(CreateCompanionObjectCodeAction.scala:63)
	at scala.Option.map(Option.scala:242)
	at scala.meta.internal.metals.codeactions.CreateCompanionObjectCodeAction.$anonfun$contribute$4(CreateCompanionObjectCodeAction.scala:58)
	at scala.Option$WithFilter.flatMap(Option.scala:283)
	at scala.meta.internal.metals.codeactions.CreateCompanionObjectCodeAction.$anonfun$contribute$2(CreateCompanionObjectCodeAction.scala:56)
	at scala.Option.flatMap(Option.scala:283)
	at scala.meta.internal.metals.codeactions.CreateCompanionObjectCodeAction.$anonfun$contribute$1(CreateCompanionObjectCodeAction.scala:55)
	at scala.concurrent.Future$.$anonfun$apply$1(Future.scala:678)
	at scala.concurrent.impl.Promise$Transformation.run(Promise.scala:467)
	... 3 more

2023.03.03 19:08:36 WARN  no build target for: /home/runner/AOC22Day23/main.scala
2023.03.03 19:08:39 WARN  no build target for: /home/runner/AOC22Day23/main.scala
2023.03.03 19:10:04 WARN  no build target for: /home/runner/AOC22Day23/main.scala
2023.03.03 19:10:21 WARN  no build target for: /home/runner/AOC22Day23/main.scala
2023.03.03 19:10:23 WARN  no build target for: /home/runner/AOC22Day23/main.scala
2023.03.03 19:11:09 WARN  no build target for: /home/runner/AOC22Day23/main.scala
2023.03.03 19:11:42 WARN  no build target for: /home/runner/AOC22Day23/main.scala
2023.03.03 19:11:45 WARN  no build target for: /home/runner/AOC22Day23/main.scala
2023.03.03 19:11:49 WARN  no build target for: /home/runner/AOC22Day23/main.scala
2023.03.03 19:11:52 WARN  no build target for: /home/runner/AOC22Day23/main.scala
2023.03.03 19:12:43 WARN  no build target for: /home/runner/AOC22Day23/main.scala
2023.03.03 19:12:47 WARN  no build target for: /home/runner/AOC22Day23/main.scala
2023.03.03 19:13:12 WARN  no build target for: /home/runner/AOC22Day23/main.scala
2023.03.03 19:13:33 WARN  no build target for: /home/runner/AOC22Day23/main.scala
2023.03.03 19:13:37 WARN  no build target for: /home/runner/AOC22Day23/main.scala
2023.03.03 19:13:40 WARN  no build target for: /home/runner/AOC22Day23/main.scala
2023.03.03 19:15:23 WARN  no build target for: /home/runner/AOC22Day23/main.scala
2023.03.03 19:15:41 WARN  no build target for: /home/runner/AOC22Day23/main.scala
2023.03.03 19:15:45 WARN  no build target for: /home/runner/AOC22Day23/main.scala
2023.03.03 19:15:50 WARN  no build target for: /home/runner/AOC22Day23/main.scala
2023.03.03 19:15:55 WARN  no build target for: /home/runner/AOC22Day23/main.scala
Mar 03, 2023 7:15:56 PM org.eclipse.lsp4j.jsonrpc.RemoteEndpoint fallbackResponseError
SEVERE: Internal error: java.lang.StringIndexOutOfBoundsException: begin 723, end 723, length 30
java.util.concurrent.CompletionException: java.lang.StringIndexOutOfBoundsException: begin 723, end 723, length 30
	at java.base/java.util.concurrent.CompletableFuture.encodeThrowable(CompletableFuture.java:332)
	at java.base/java.util.concurrent.CompletableFuture.completeThrowable(CompletableFuture.java:347)
	at java.base/java.util.concurrent.CompletableFuture$UniAccept.tryFire(CompletableFuture.java:708)
	at java.base/java.util.concurrent.CompletableFuture.postComplete(CompletableFuture.java:510)
	at java.base/java.util.concurrent.CompletableFuture.completeExceptionally(CompletableFuture.java:2162)
	at scala.meta.internal.metals.CancelTokens$.$anonfun$future$1(CancelTokens.scala:40)
	at scala.meta.internal.metals.CancelTokens$.$anonfun$future$1$adapted(CancelTokens.scala:38)
	at scala.concurrent.impl.Promise$Transformation.run(Promise.scala:484)
	at java.base/java.util.concurrent.ThreadPoolExecutor.runWorker(ThreadPoolExecutor.java:1136)
	at java.base/java.util.concurrent.ThreadPoolExecutor$Worker.run(ThreadPoolExecutor.java:635)
	at java.base/java.lang.Thread.run(Thread.java:833)
Caused by: java.lang.StringIndexOutOfBoundsException: begin 723, end 723, length 30
	at java.base/java.lang.String.checkBoundsBeginEnd(String.java:4604)
	at java.base/java.lang.String.substring(String.java:2707)
	at scala.meta.internal.metals.codeactions.CreateCompanionObjectCodeAction.getIndentationForPositionInDocument(CreateCompanionObjectCodeAction.scala:91)
	at scala.meta.internal.metals.codeactions.CreateCompanionObjectCodeAction.$anonfun$contribute$5(CreateCompanionObjectCodeAction.scala:63)
	at scala.Option.map(Option.scala:242)
	at scala.meta.internal.metals.codeactions.CreateCompanionObjectCodeAction.$anonfun$contribute$4(CreateCompanionObjectCodeAction.scala:58)
	at scala.Option$WithFilter.flatMap(Option.scala:283)
	at scala.meta.internal.metals.codeactions.CreateCompanionObjectCodeAction.$anonfun$contribute$2(CreateCompanionObjectCodeAction.scala:56)
	at scala.Option.flatMap(Option.scala:283)
	at scala.meta.internal.metals.codeactions.CreateCompanionObjectCodeAction.$anonfun$contribute$1(CreateCompanionObjectCodeAction.scala:55)
	at scala.concurrent.Future$.$anonfun$apply$1(Future.scala:678)
	at scala.concurrent.impl.Promise$Transformation.run(Promise.scala:467)
	... 3 more

2023.03.03 19:15:58 WARN  no build target for: /home/runner/AOC22Day23/main.scala
2023.03.03 19:16:01 WARN  no build target for: /home/runner/AOC22Day23/main.scala
2023.03.03 19:16:06 WARN  no build target for: /home/runner/AOC22Day23/main.scala
2023.03.03 19:16:08 WARN  no build target for: /home/runner/AOC22Day23/main.scala
2023.03.03 19:16:12 WARN  no build target for: /home/runner/AOC22Day23/main.scala
2023.03.03 19:16:17 WARN  no build target for: /home/runner/AOC22Day23/main.scala
2023.03.03 19:16:21 WARN  no build target for: /home/runner/AOC22Day23/main.scala
2023.03.03 19:16:23 WARN  no build target for: /home/runner/AOC22Day23/main.scala
2023.03.03 19:16:27 WARN  no build target for: /home/runner/AOC22Day23/main.scala
2023.03.03 19:17:43 WARN  no build target for: /home/runner/AOC22Day23/main.scala
2023.03.03 19:17:48 WARN  no build target for: /home/runner/AOC22Day23/main.scala
2023.03.03 19:17:54 WARN  no build target for: /home/runner/AOC22Day23/main.scala
2023.03.03 19:17:56 WARN  no build target for: /home/runner/AOC22Day23/main.scala
2023.03.03 19:18:03 WARN  no build target for: /home/runner/AOC22Day23/main.scala
2023.03.03 19:18:07 WARN  no build target for: /home/runner/AOC22Day23/main.scala
2023.03.03 19:18:09 WARN  no build target for: /home/runner/AOC22Day23/main.scala
2023.03.03 19:18:14 WARN  no build target for: /home/runner/AOC22Day23/main.scala
2023.03.03 19:18:17 WARN  no build target for: /home/runner/AOC22Day23/main.scala
2023.03.03 19:18:20 WARN  no build target for: /home/runner/AOC22Day23/main.scala
2023.03.03 19:18:24 WARN  no build target for: /home/runner/AOC22Day23/main.scala
2023.03.03 19:18:28 WARN  no build target for: /home/runner/AOC22Day23/main.scala
2023.03.03 19:18:33 WARN  no build target for: /home/runner/AOC22Day23/main.scala
2023.03.03 19:18:38 WARN  no build target for: /home/runner/AOC22Day23/main.scala
2023.03.03 19:18:43 WARN  no build target for: /home/runner/AOC22Day23/main.scala
Mar 03, 2023 7:18:43 PM org.eclipse.lsp4j.jsonrpc.RemoteEndpoint fallbackResponseError
SEVERE: Internal error: java.lang.StringIndexOutOfBoundsException: String index out of range: 1898
java.util.concurrent.CompletionException: java.lang.StringIndexOutOfBoundsException: String index out of range: 1898
	at java.base/java.util.concurrent.CompletableFuture.encodeThrowable(CompletableFuture.java:332)
	at java.base/java.util.concurrent.CompletableFuture.completeThrowable(CompletableFuture.java:347)
	at java.base/java.util.concurrent.CompletableFuture$UniAccept.tryFire(CompletableFuture.java:708)
	at java.base/java.util.concurrent.CompletableFuture.postComplete(CompletableFuture.java:510)
	at java.base/java.util.concurrent.CompletableFuture.completeExceptionally(CompletableFuture.java:2162)
	at scala.meta.internal.metals.CancelTokens$.$anonfun$future$1(CancelTokens.scala:40)
	at scala.meta.internal.metals.CancelTokens$.$anonfun$future$1$adapted(CancelTokens.scala:38)
	at scala.concurrent.impl.Promise$Transformation.run(Promise.scala:484)
	at java.base/java.util.concurrent.ThreadPoolExecutor.runWorker(ThreadPoolExecutor.java:1136)
	at java.base/java.util.concurrent.ThreadPoolExecutor$Worker.run(ThreadPoolExecutor.java:635)
	at java.base/java.lang.Thread.run(Thread.java:833)
Caused by: java.lang.StringIndexOutOfBoundsException: String index out of range: 1898
	at java.base/java.lang.StringLatin1.charAt(StringLatin1.java:48)
	at java.base/java.lang.String.charAt(String.java:1515)
	at scala.collection.StringOps$.apply$extension(StringOps.scala:188)
	at scala.meta.internal.metals.codeactions.ExtractValueCodeAction.$anonfun$contribute$13(ExtractValueCodeAction.scala:60)
	at scala.Option.map(Option.scala:242)
	at scala.meta.internal.metals.codeactions.ExtractValueCodeAction.$anonfun$contribute$12(ExtractValueCodeAction.scala:57)
	at scala.Option.flatMap(Option.scala:283)
	at scala.meta.internal.metals.codeactions.ExtractValueCodeAction.$anonfun$contribute$9(ExtractValueCodeAction.scala:55)
	at scala.Option$WithFilter.flatMap(Option.scala:283)
	at scala.meta.internal.metals.codeactions.ExtractValueCodeAction.$anonfun$contribute$7(ExtractValueCodeAction.scala:52)
	at scala.Option.flatMap(Option.scala:283)
	at scala.meta.internal.metals.codeactions.ExtractValueCodeAction.$anonfun$contribute$6(ExtractValueCodeAction.scala:51)
	at scala.collection.immutable.List.flatMap(List.scala:293)
	at scala.meta.internal.metals.codeactions.ExtractValueCodeAction.$anonfun$contribute$1(ExtractValueCodeAction.scala:49)
	at scala.concurrent.Future$.$anonfun$apply$1(Future.scala:678)
	at scala.concurrent.impl.Promise$Transformation.run(Promise.scala:467)
	... 3 more

2023.03.03 19:18:46 WARN  no build target for: /home/runner/AOC22Day23/main.scala
2023.03.03 19:18:48 WARN  no build target for: /home/runner/AOC22Day23/main.scala
2023.03.03 19:18:53 WARN  no build target for: /home/runner/AOC22Day23/main.scala
2023.03.03 19:19:26 WARN  no build target for: /home/runner/AOC22Day23/main.scala
2023.03.03 19:20:18 WARN  no build target for: /home/runner/AOC22Day23/main.scala
2023.03.03 19:20:21 WARN  no build target for: /home/runner/AOC22Day23/main.scala
2023.03.03 19:20:24 WARN  no build target for: /home/runner/AOC22Day23/main.scala
2023.03.03 19:20:27 WARN  no build target for: /home/runner/AOC22Day23/main.scala
2023.03.03 19:20:40 WARN  no build target for: /home/runner/AOC22Day23/main.scala
2023.03.03 19:20:41 WARN  no build target for: /home/runner/AOC22Day23/main.scala
2023.03.03 19:20:42 WARN  no build target for: /home/runner/AOC22Day23/main.scala
2023.03.03 19:20:46 WARN  no build target for: /home/runner/AOC22Day23/main.scala
2023.03.03 19:20:57 WARN  no build target for: /home/runner/AOC22Day23/main.scala
2023.03.03 19:21:01 WARN  no build target for: /home/runner/AOC22Day23/main.scala
2023.03.03 19:21:04 WARN  no build target for: /home/runner/AOC22Day23/main.scala
2023.03.03 19:21:07 WARN  no build target for: /home/runner/AOC22Day23/main.scala
2023.03.03 19:21:10 WARN  no build target for: /home/runner/AOC22Day23/main.scala
2023.03.03 19:21:20 WARN  no build target for: /home/runner/AOC22Day23/main.scala
Mar 03, 2023 7:21:21 PM org.eclipse.lsp4j.jsonrpc.RemoteEndpoint fallbackResponseError
SEVERE: Internal error: java.lang.StringIndexOutOfBoundsException: String index out of range: 1265
java.util.concurrent.CompletionException: java.lang.StringIndexOutOfBoundsException: String index out of range: 1265
	at java.base/java.util.concurrent.CompletableFuture.encodeThrowable(CompletableFuture.java:332)
	at java.base/java.util.concurrent.CompletableFuture.completeThrowable(CompletableFuture.java:347)
	at java.base/java.util.concurrent.CompletableFuture$UniAccept.tryFire(CompletableFuture.java:708)
	at java.base/java.util.concurrent.CompletableFuture.postComplete(CompletableFuture.java:510)
	at java.base/java.util.concurrent.CompletableFuture.completeExceptionally(CompletableFuture.java:2162)
	at scala.meta.internal.metals.CancelTokens$.$anonfun$future$1(CancelTokens.scala:40)
	at scala.meta.internal.metals.CancelTokens$.$anonfun$future$1$adapted(CancelTokens.scala:38)
	at scala.concurrent.impl.Promise$Transformation.run(Promise.scala:484)
	at java.base/java.util.concurrent.ThreadPoolExecutor.runWorker(ThreadPoolExecutor.java:1136)
	at java.base/java.util.concurrent.ThreadPoolExecutor$Worker.run(ThreadPoolExecutor.java:635)
	at java.base/java.lang.Thread.run(Thread.java:833)
Caused by: java.lang.StringIndexOutOfBoundsException: String index out of range: 1265
	at java.base/java.lang.StringLatin1.charAt(StringLatin1.java:48)
	at java.base/java.lang.String.charAt(String.java:1515)
	at scala.collection.StringOps$.apply$extension(StringOps.scala:188)
	at scala.meta.internal.metals.codeactions.ExtractValueCodeAction.$anonfun$contribute$13(ExtractValueCodeAction.scala:60)
	at scala.Option.map(Option.scala:242)
	at scala.meta.internal.metals.codeactions.ExtractValueCodeAction.$anonfun$contribute$12(ExtractValueCodeAction.scala:57)
	at scala.Option.flatMap(Option.scala:283)
	at scala.meta.internal.metals.codeactions.ExtractValueCodeAction.$anonfun$contribute$9(ExtractValueCodeAction.scala:55)
	at scala.Option$WithFilter.flatMap(Option.scala:283)
	at scala.meta.internal.metals.codeactions.ExtractValueCodeAction.$anonfun$contribute$7(ExtractValueCodeAction.scala:52)
	at scala.Option.flatMap(Option.scala:283)
	at scala.meta.internal.metals.codeactions.ExtractValueCodeAction.$anonfun$contribute$6(ExtractValueCodeAction.scala:51)
	at scala.collection.immutable.List.flatMap(List.scala:293)
	at scala.meta.internal.metals.codeactions.ExtractValueCodeAction.$anonfun$contribute$1(ExtractValueCodeAction.scala:49)
	at scala.concurrent.Future$.$anonfun$apply$1(Future.scala:678)
	at scala.concurrent.impl.Promise$Transformation.run(Promise.scala:467)
	... 3 more

2023.03.03 19:21:24 WARN  no build target for: /home/runner/AOC22Day23/main.scala
2023.03.03 19:22:15 WARN  no build target for: /home/runner/AOC22Day23/main.scala
2023.03.03 21:40:59 INFO  tracing is disabled for protocol LSP, to enable tracing of incoming and outgoing JSON messages create an empty file at /home/runner/AOC22Day23/.metals/lsp.trace.json or /home/runner/.cache/metals/lsp.trace.json
2023.03.03 21:41:02 INFO  logging to file /home/runner/AOC22Day23/.metals/metals.log
2023.03.03 21:41:02 INFO  Started: Metals version 0.11.9 in workspace '/home/runner/AOC22Day23' .
2023.03.03 21:41:13 INFO  time: initialize in 11s
2023.03.03 21:42:14 INFO  no build target found for /home/runner/AOC22Day23/main.scala. Using presentation compiler with project's scala-library version: 3.2.0
2023.03.03 21:42:15 ERROR Unexpected error initializing serverjava.lang.IllegalStateException: Not a JSON Object: null
	at com.google.gson.JsonElement.getAsJsonObject(JsonElement.java:91)
	at scala.meta.internal.metals.MetalsLanguageServer.$anonfun$syncUserconfiguration$6(MetalsLanguageServer.scala:2711)
	at scala.concurrent.impl.Promise$Transformation.run(Promise.scala:470)
	at java.util.concurrent.ThreadPoolExecutor.runWorker(ThreadPoolExecutor.java:1136)
	at java.util.concurrent.ThreadPoolExecutor$Worker.run(ThreadPoolExecutor.java:635)
	at java.lang.Thread.run(Thread.java:833)

2023.03.03 21:42:28 WARN  no build target for: /home/runner/AOC22Day23/main.scala
2023.03.03 21:42:28 WARN  no build target for: /home/runner/AOC22Day23/main.scala
2023.03.03 21:42:28 WARN  no build target for: /home/runner/AOC22Day23/main.scala
2023.03.03 21:42:28 WARN  no build target for: /home/runner/AOC22Day23/main.scala
2023.03.03 21:42:29 WARN  no build target for: /home/runner/AOC22Day23/main.scala
2023.03.03 21:42:29 WARN  no build target for: /home/runner/AOC22Day23/main.scala
2023.03.03 21:42:31 WARN  no build target for: /home/runner/AOC22Day23/main.scala
2023.03.03 21:42:31 WARN  no build target for: /home/runner/AOC22Day23/main.scala
2023.03.03 21:42:32 WARN  no build target for: /home/runner/AOC22Day23/main.scala
Mar 03, 2023 9:42:32 PM org.eclipse.lsp4j.jsonrpc.RemoteEndpoint fallbackResponseError
SEVERE: Internal error: java.lang.StringIndexOutOfBoundsException: begin 723, end 723, length 4
java.util.concurrent.CompletionException: java.lang.StringIndexOutOfBoundsException: begin 723, end 723, length 4
	at java.base/java.util.concurrent.CompletableFuture.encodeThrowable(CompletableFuture.java:332)
	at java.base/java.util.concurrent.CompletableFuture.completeThrowable(CompletableFuture.java:347)
	at java.base/java.util.concurrent.CompletableFuture$UniAccept.tryFire(CompletableFuture.java:708)
	at java.base/java.util.concurrent.CompletableFuture.postComplete(CompletableFuture.java:510)
	at java.base/java.util.concurrent.CompletableFuture.completeExceptionally(CompletableFuture.java:2162)
	at scala.meta.internal.metals.CancelTokens$.$anonfun$future$1(CancelTokens.scala:40)
	at scala.meta.internal.metals.CancelTokens$.$anonfun$future$1$adapted(CancelTokens.scala:38)
	at scala.concurrent.impl.Promise$Transformation.run(Promise.scala:484)
	at java.base/java.util.concurrent.ThreadPoolExecutor.runWorker(ThreadPoolExecutor.java:1136)
	at java.base/java.util.concurrent.ThreadPoolExecutor$Worker.run(ThreadPoolExecutor.java:635)
	at java.base/java.lang.Thread.run(Thread.java:833)
Caused by: java.lang.StringIndexOutOfBoundsException: begin 723, end 723, length 4
	at java.base/java.lang.String.checkBoundsBeginEnd(String.java:4604)
	at java.base/java.lang.String.substring(String.java:2707)
	at scala.meta.internal.metals.codeactions.CreateCompanionObjectCodeAction.getIndentationForPositionInDocument(CreateCompanionObjectCodeAction.scala:91)
	at scala.meta.internal.metals.codeactions.CreateCompanionObjectCodeAction.$anonfun$contribute$5(CreateCompanionObjectCodeAction.scala:63)
	at scala.Option.map(Option.scala:242)
	at scala.meta.internal.metals.codeactions.CreateCompanionObjectCodeAction.$anonfun$contribute$4(CreateCompanionObjectCodeAction.scala:58)
	at scala.Option$WithFilter.flatMap(Option.scala:283)
	at scala.meta.internal.metals.codeactions.CreateCompanionObjectCodeAction.$anonfun$contribute$2(CreateCompanionObjectCodeAction.scala:56)
	at scala.Option.flatMap(Option.scala:283)
	at scala.meta.internal.metals.codeactions.CreateCompanionObjectCodeAction.$anonfun$contribute$1(CreateCompanionObjectCodeAction.scala:55)
	at scala.concurrent.Future$.$anonfun$apply$1(Future.scala:678)
	at scala.concurrent.impl.Promise$Transformation.run(Promise.scala:467)
	... 3 more

2023.03.03 21:42:43 WARN  no build target for: /home/runner/AOC22Day23/main.scala
2023.03.03 21:42:46 WARN  no build target for: /home/runner/AOC22Day23/main.scala
Mar 03, 2023 9:42:46 PM scala.meta.internal.pc.CompilerAccess handleError
SEVERE: 0 is out of bounds (min 0, max -1)
java.lang.IndexOutOfBoundsException: 0 is out of bounds (min 0, max -1)
	at scala.collection.mutable.ArrayBuffer.apply(ArrayBuffer.scala:107)
	at dotty.tools.dotc.core.Contexts$.comparer(Contexts.scala:776)
	at dotty.tools.dotc.core.Contexts$.inline$comparer(Contexts.scala:772)
	at dotty.tools.dotc.core.TypeComparer$.topLevelSubType(TypeComparer.scala:2752)
	at dotty.tools.dotc.core.Types$Type.$less$colon$less(Types.scala:1044)
	at dotty.tools.dotc.core.Types$Type.relaxed_$less$colon$less(Types.scala:1076)
	at dotty.tools.dotc.typer.ProtoTypes$Compatibility.isCompatible(ProtoTypes.scala:38)
	at dotty.tools.dotc.typer.ProtoTypes$Compatibility.isCompatible$(ProtoTypes.scala:25)
	at dotty.tools.dotc.typer.Typer.isCompatible(Typer.scala:117)
	at dotty.tools.dotc.typer.ProtoTypes$Compatibility.testCompat$1(ProtoTypes.scala:55)
	at dotty.tools.dotc.typer.ProtoTypes$Compatibility.normalizedCompatible(ProtoTypes.scala:69)
	at dotty.tools.dotc.typer.ProtoTypes$Compatibility.normalizedCompatible$(ProtoTypes.scala:25)
	at dotty.tools.dotc.typer.Typer.normalizedCompatible(Typer.scala:117)
	at dotty.tools.dotc.typer.ProtoTypes$SelectionProto.qualifies$1(ProtoTypes.scala:200)
	at dotty.tools.dotc.typer.ProtoTypes$SelectionProto.liftedTree1$1(ProtoTypes.scala:204)
	at dotty.tools.dotc.typer.ProtoTypes$SelectionProto.isMatchedBy(ProtoTypes.scala:217)
	at dotty.tools.dotc.core.TypeComparer.isMatchedByProto(TypeComparer.scala:1917)
	at dotty.tools.dotc.core.TypeComparer.firstTry$1(TypeComparer.scala:314)
	at dotty.tools.dotc.core.TypeComparer.recur(TypeComparer.scala:1336)
	at dotty.tools.dotc.core.TypeComparer.isSubType(TypeComparer.scala:194)
	at dotty.tools.dotc.core.TypeComparer.isSubType(TypeComparer.scala:204)
	at dotty.tools.dotc.core.TypeComparer.topLevelSubType(TypeComparer.scala:128)
	at dotty.tools.dotc.core.TypeComparer.testSubType(TypeComparer.scala:144)
	at dotty.tools.dotc.core.TypeComparer$.testSubType(TypeComparer.scala:2767)
	at dotty.tools.dotc.typer.Typer.adaptNoArgsOther$1(Typer.scala:3725)
	at dotty.tools.dotc.typer.Typer.adaptNoArgs$1(Typer.scala:3822)
	at dotty.tools.dotc.typer.Typer.adapt1(Typer.scala:4038)
	at dotty.tools.dotc.typer.Typer.adapt(Typer.scala:3368)
	at dotty.tools.dotc.typer.Typer.typed(Typer.scala:2987)
	at dotty.tools.dotc.typer.Typer.typed(Typer.scala:2991)
	at dotty.tools.dotc.typer.Typer.typedExpr(Typer.scala:3107)
	at dotty.tools.dotc.typer.Typer.typeSelectOnTerm$1(Typer.scala:646)
	at dotty.tools.dotc.typer.Typer.typedSelect(Typer.scala:684)
	at dotty.tools.dotc.typer.Typer.typedNamed$1(Typer.scala:2828)
	at dotty.tools.dotc.typer.Typer.typedUnadapted(Typer.scala:2921)
	at dotty.tools.dotc.typer.Typer.typed(Typer.scala:2987)
	at dotty.tools.dotc.typer.Typer.typed(Typer.scala:2991)
	at dotty.tools.dotc.typer.Typer.typedType(Typer.scala:3110)
	at dotty.tools.dotc.typer.Namer.typedAheadType$$anonfun$1(Namer.scala:1615)
	at dotty.tools.dotc.typer.Namer.typedAhead(Namer.scala:1608)
	at dotty.tools.dotc.typer.Namer.typedAheadType(Namer.scala:1615)
	at dotty.tools.dotc.typer.Namer$ClassCompleter.parentType$1(Namer.scala:1456)
	at dotty.tools.dotc.typer.Namer$ClassCompleter.checkedParentType$1(Namer.scala:1484)
	at dotty.tools.dotc.typer.Namer$ClassCompleter.$anonfun$27(Namer.scala:1557)
	at scala.collection.immutable.List.map(List.scala:250)
	at dotty.tools.dotc.typer.Namer$ClassCompleter.completeInCreationContext(Namer.scala:1557)
	at dotty.tools.dotc.typer.Namer$Completer.complete(Namer.scala:809)
	at dotty.tools.dotc.core.SymDenotations$SymDenotation.completeFrom(SymDenotations.scala:171)
	at dotty.tools.dotc.core.Denotations$Denotation.completeInfo$1(Denotations.scala:187)
	at dotty.tools.dotc.core.Denotations$Denotation.info(Denotations.scala:189)
	at dotty.tools.dotc.core.SymDenotations$SymDenotation.ensureCompleted(SymDenotations.scala:373)
	at dotty.tools.dotc.typer.Typer.retrieveSym(Typer.scala:2800)
	at dotty.tools.dotc.typer.Typer.typedNamed$1(Typer.scala:2825)
	at dotty.tools.dotc.typer.Typer.typedUnadapted(Typer.scala:2921)
	at dotty.tools.dotc.typer.Typer.typed(Typer.scala:2987)
	at dotty.tools.dotc.typer.Typer.typed(Typer.scala:2991)
	at dotty.tools.dotc.typer.Typer.traverse$1(Typer.scala:3013)
	at dotty.tools.dotc.typer.Typer.typedStats(Typer.scala:3063)
	at dotty.tools.dotc.typer.Typer.typedPackageDef(Typer.scala:2629)
	at dotty.tools.dotc.typer.Typer.typedUnnamed$1(Typer.scala:2892)
	at dotty.tools.dotc.typer.Typer.typedUnadapted(Typer.scala:2922)
	at dotty.tools.dotc.typer.Typer.typed(Typer.scala:2987)
	at dotty.tools.dotc.typer.Typer.typed(Typer.scala:2991)
	at dotty.tools.dotc.typer.Typer.typedExpr(Typer.scala:3107)
	at dotty.tools.dotc.typer.TyperPhase.typeCheck$$anonfun$1(TyperPhase.scala:43)
	at dotty.tools.dotc.typer.TyperPhase.typeCheck$$anonfun$adapted$1(TyperPhase.scala:50)
	at scala.Function0.apply$mcV$sp(Function0.scala:42)
	at dotty.tools.dotc.core.Phases$Phase.monitor(Phases.scala:417)
	at dotty.tools.dotc.typer.TyperPhase.typeCheck(TyperPhase.scala:50)
	at dotty.tools.dotc.typer.TyperPhase.runOn$$anonfun$3(TyperPhase.scala:84)
	at scala.runtime.function.JProcedure1.apply(JProcedure1.java:15)
	at scala.runtime.function.JProcedure1.apply(JProcedure1.java:10)
	at scala.collection.immutable.List.foreach(List.scala:333)
	at dotty.tools.dotc.typer.TyperPhase.runOn(TyperPhase.scala:84)
	at dotty.tools.dotc.Run.runPhases$1$$anonfun$1(Run.scala:234)
	at scala.runtime.function.JProcedure1.apply(JProcedure1.java:15)
	at scala.runtime.function.JProcedure1.apply(JProcedure1.java:10)
	at scala.collection.ArrayOps$.foreach$extension(ArrayOps.scala:1321)
	at dotty.tools.dotc.Run.runPhases$1(Run.scala:245)
	at dotty.tools.dotc.Run.compileUnits$$anonfun$1(Run.scala:253)
	at dotty.tools.dotc.Run.compileUnits$$anonfun$adapted$1(Run.scala:262)
	at dotty.tools.dotc.util.Stats$.maybeMonitored(Stats.scala:68)
	at dotty.tools.dotc.Run.compileUnits(Run.scala:262)
	at dotty.tools.dotc.Run.compileSources(Run.scala:186)
	at dotty.tools.dotc.interactive.InteractiveDriver.run(InteractiveDriver.scala:165)
	at scala.meta.internal.pc.MetalsDriver.run(MetalsDriver.scala:48)
	at scala.meta.internal.pc.HoverProvider$.hover(HoverProvider.scala:41)

2023.03.03 21:42:50 WARN  no build target for: /home/runner/AOC22Day23/main.scala
2023.03.03 21:42:52 WARN  no build target for: /home/runner/AOC22Day23/main.scala
2023.03.03 21:42:56 WARN  no build target for: /home/runner/AOC22Day23/main.scala
exception caught when loading class URI: java.lang.AssertionError: assertion failed: denotation class URI invalid in run 3. ValidFor: Period(1..5, run = 4)
Mar 03, 2023 9:42:58 PM scala.meta.internal.pc.CompilerAccess handleError
SEVERE: assertion failed: denotation class URI invalid in run 3. ValidFor: Period(1..5, run = 4)
java.lang.AssertionError: assertion failed: denotation class URI invalid in run 3. ValidFor: Period(1..5, run = 4)
	at scala.runtime.Scala3RunTime$.assertFailed(Scala3RunTime.scala:8)
	at dotty.tools.dotc.core.Denotations$SingleDenotation.updateValidity(Denotations.scala:722)
	at dotty.tools.dotc.core.Denotations$SingleDenotation.bringForward(Denotations.scala:747)
	at dotty.tools.dotc.core.Denotations$SingleDenotation.toNewRun$1(Denotations.scala:806)
	at dotty.tools.dotc.core.Denotations$SingleDenotation.current(Denotations.scala:880)
	at dotty.tools.dotc.core.Symbols$Symbol.recomputeDenot(Symbols.scala:120)
	at dotty.tools.dotc.core.Symbols$Symbol.computeDenot(Symbols.scala:114)
	at dotty.tools.dotc.core.Symbols$Symbol.denot(Symbols.scala:107)
	at dotty.tools.dotc.core.Symbols$ClassSymbol.classDenot(Symbols.scala:460)
	at dotty.tools.dotc.core.Symbols$.toClassDenot(Symbols.scala:500)
	at dotty.tools.dotc.core.unpickleScala2.Scala2Unpickler$.setClassInfo(Scala2Unpickler.scala:109)
	at dotty.tools.dotc.core.classfile.ClassfileParser.parseClass(ClassfileParser.scala:225)
	at dotty.tools.dotc.core.classfile.ClassfileParser.$anonfun$1(ClassfileParser.scala:87)
	at dotty.tools.dotc.core.classfile.ClassfileParser.run(ClassfileParser.scala:82)
	at dotty.tools.dotc.core.ClassfileLoader.load(SymbolLoaders.scala:411)
	at dotty.tools.dotc.core.ClassfileLoader.doComplete(SymbolLoaders.scala:406)
	at dotty.tools.dotc.core.SymbolLoader.complete(SymbolLoaders.scala:340)
	at dotty.tools.dotc.core.SymDenotations$SymDenotation.completeFrom(SymDenotations.scala:171)
	at dotty.tools.dotc.core.SymDenotations$SymDenotation.completeOnce(SymDenotations.scala:365)
	at dotty.tools.dotc.core.SymDenotations$SymDenotation.unforcedDecls(SymDenotations.scala:389)
	at dotty.tools.dotc.core.SymDenotations$ClassDenotation.typeParamsFromDecls(SymDenotations.scala:1794)
	at dotty.tools.dotc.core.SymDenotations$ClassDenotation.typeParams(SymDenotations.scala:1807)
	at dotty.tools.dotc.core.unpickleScala2.Scala2Unpickler.readType(Scala2Unpickler.scala:826)
	at dotty.tools.dotc.core.unpickleScala2.Scala2Unpickler$LocalUnpickler.$anonfun$6(Scala2Unpickler.scala:600)
	at dotty.tools.dotc.core.unpickleScala2.Scala2Unpickler.atReadPos(Scala2Unpickler.scala:313)
	at dotty.tools.dotc.core.unpickleScala2.Scala2Unpickler.at(Scala2Unpickler.scala:303)
	at dotty.tools.dotc.core.unpickleScala2.Scala2Unpickler$LocalUnpickler.parseToCompletion$1(Scala2Unpickler.scala:600)
	at dotty.tools.dotc.core.unpickleScala2.Scala2Unpickler$LocalUnpickler.complete$$anonfun$1(Scala2Unpickler.scala:640)
	at scala.runtime.java8.JFunction0$mcV$sp.apply(JFunction0$mcV$sp.scala:18)
	at dotty.tools.dotc.core.unpickleScala2.Scala2Unpickler.atReadPos(Scala2Unpickler.scala:313)
	at dotty.tools.dotc.core.unpickleScala2.Scala2Unpickler$LocalUnpickler.complete(Scala2Unpickler.scala:642)
	at dotty.tools.dotc.core.SymDenotations$SymDenotation.completeFrom(SymDenotations.scala:171)
	at dotty.tools.dotc.core.Denotations$Denotation.completeInfo$1(Denotations.scala:187)
	at dotty.tools.dotc.core.Denotations$Denotation.info(Denotations.scala:189)
	at dotty.tools.dotc.core.Types$MethodTypeCompanion.paramInfo$1(Types.scala:3824)
	at dotty.tools.dotc.core.Types$MethodTypeCompanion.fromSymbols$$anonfun$2$$anonfun$1(Types.scala:3831)
	at scala.collection.immutable.List.map(List.scala:246)
	at dotty.tools.dotc.core.Types$MethodTypeCompanion.fromSymbols$$anonfun$2(Types.scala:3831)
	at dotty.tools.dotc.core.Types$MethodType.<init>(Types.scala:3743)
	at dotty.tools.dotc.core.Types$CachedMethodType.<init>(Types.scala:3765)
	at dotty.tools.dotc.core.Types$MethodTypeCompanion.apply(Types.scala:3836)
	at dotty.tools.dotc.core.Types$MethodTypeCompanion.fromSymbols(Types.scala:3832)
	at dotty.tools.dotc.core.unpickleScala2.Scala2Unpickler.readType(Scala2Unpickler.scala:853)
	at dotty.tools.dotc.core.unpickleScala2.Scala2Unpickler$LocalUnpickler.$anonfun$6(Scala2Unpickler.scala:600)
	at dotty.tools.dotc.core.unpickleScala2.Scala2Unpickler.atReadPos(Scala2Unpickler.scala:313)
	at dotty.tools.dotc.core.unpickleScala2.Scala2Unpickler.at(Scala2Unpickler.scala:303)
	at dotty.tools.dotc.core.unpickleScala2.Scala2Unpickler$LocalUnpickler.parseToCompletion$1(Scala2Unpickler.scala:600)
	at dotty.tools.dotc.core.unpickleScala2.Scala2Unpickler$LocalUnpickler.complete$$anonfun$1(Scala2Unpickler.scala:640)
	at scala.runtime.java8.JFunction0$mcV$sp.apply(JFunction0$mcV$sp.scala:18)
	at dotty.tools.dotc.core.unpickleScala2.Scala2Unpickler.atReadPos(Scala2Unpickler.scala:313)
	at dotty.tools.dotc.core.unpickleScala2.Scala2Unpickler$LocalUnpickler.complete(Scala2Unpickler.scala:642)
	at dotty.tools.dotc.core.SymDenotations$SymDenotation.completeFrom(SymDenotations.scala:171)
	at dotty.tools.dotc.core.Denotations$Denotation.completeInfo$1(Denotations.scala:187)
	at dotty.tools.dotc.core.Denotations$Denotation.info(Denotations.scala:189)
	at dotty.tools.dotc.core.SymDenotations$SymDenotation.ensureCompleted(SymDenotations.scala:373)
	at dotty.tools.dotc.core.SymDenotations$SymDenotation.annotations(SymDenotations.scala:228)
	at dotty.tools.dotc.core.SymDenotations$SymDenotation.getAnnotation(SymDenotations.scala:249)
	at dotty.tools.dotc.core.SymDenotations$SymDenotation.targetName(SymDenotations.scala:530)
	at dotty.tools.dotc.core.Denotations$SingleDenotation.matches(Denotations.scala:1016)
	at dotty.tools.dotc.core.Denotations$Denotation.mergeDenot$1(Denotations.scala:406)
	at dotty.tools.dotc.core.Denotations$Denotation.mergeDenot$1(Denotations.scala:397)
	at dotty.tools.dotc.core.Denotations$Denotation.mergeDenot$1(Denotations.scala:397)
	at dotty.tools.dotc.core.Denotations$Denotation.mergeDenot$1(Denotations.scala:397)
	at dotty.tools.dotc.core.Denotations$Denotation.meet(Denotations.scala:496)
	at dotty.tools.dotc.core.Denotations$DenotUnion.toDenot(Denotations.scala:1217)
	at dotty.tools.dotc.core.Denotations$DenotUnion.toDenot(Denotations.scala:1217)
	at dotty.tools.dotc.core.Denotations$DenotUnion.toDenot(Denotations.scala:1217)
	at dotty.tools.dotc.core.Denotations$DenotUnion.toDenot(Denotations.scala:1217)
	at dotty.tools.dotc.core.SymDenotations$ClassDenotation.findMember(SymDenotations.scala:2069)
	at dotty.tools.dotc.core.Types$Type.go$1(Types.scala:686)
	at dotty.tools.dotc.core.Types$Type.findMember(Types.scala:879)
	at dotty.tools.dotc.core.Types$Type.memberBasedOnFlags(Types.scala:669)
	at dotty.tools.dotc.core.Types$Type.member(Types.scala:653)
	at dotty.tools.dotc.typer.ProtoTypes$SelectionProto.liftedTree1$1(ProtoTypes.scala:195)
	at dotty.tools.dotc.typer.ProtoTypes$SelectionProto.isMatchedBy(ProtoTypes.scala:217)
	at dotty.tools.dotc.core.TypeComparer.isMatchedByProto(TypeComparer.scala:1917)
	at dotty.tools.dotc.core.TypeComparer.firstTry$1(TypeComparer.scala:314)
	at dotty.tools.dotc.core.TypeComparer.recur(TypeComparer.scala:1336)
	at dotty.tools.dotc.core.TypeComparer.isSubType(TypeComparer.scala:194)
	at dotty.tools.dotc.core.TypeComparer.isSubType(TypeComparer.scala:204)
	at dotty.tools.dotc.core.TypeComparer.topLevelSubType(TypeComparer.scala:128)
	at dotty.tools.dotc.core.TypeComparer.testSubType(TypeComparer.scala:144)
	at dotty.tools.dotc.core.TypeComparer$.testSubType(TypeComparer.scala:2767)
	at dotty.tools.dotc.typer.Typer.adaptNoArgsOther$1(Typer.scala:3725)
	at dotty.tools.dotc.typer.Typer.adaptNoArgs$1(Typer.scala:3822)
	at dotty.tools.dotc.typer.Typer.adapt1(Typer.scala:4038)
	at dotty.tools.dotc.typer.Typer.adapt(Typer.scala:3368)
	at dotty.tools.dotc.typer.Typer.typed(Typer.scala:2987)
	at dotty.tools.dotc.typer.Typer.typed(Typer.scala:2991)
	at dotty.tools.dotc.typer.Typer.typedExpr(Typer.scala:3107)
	at dotty.tools.dotc.typer.Typer.typeSelectOnTerm$1(Typer.scala:646)
	at dotty.tools.dotc.typer.Typer.typedSelect(Typer.scala:684)
	at dotty.tools.dotc.typer.Typer.typedNamed$1(Typer.scala:2828)
	at dotty.tools.dotc.typer.Typer.typedUnadapted(Typer.scala:2921)
	at dotty.tools.dotc.typer.Typer.typed(Typer.scala:2987)
	at dotty.tools.dotc.typer.Typer.typed(Typer.scala:2991)
	at dotty.tools.dotc.typer.Typer.typedExpr(Typer.scala:3107)
	at dotty.tools.dotc.typer.Applications.realApply$1(Applications.scala:910)
	at dotty.tools.dotc.typer.Applications.typedApply(Applications.scala:1052)
	at dotty.tools.dotc.typer.Applications.typedApply$(Applications.scala:327)
	at dotty.tools.dotc.typer.Typer.typedApply(Typer.scala:117)
	at dotty.tools.dotc.typer.Typer.typedUnnamed$1(Typer.scala:2859)
	at dotty.tools.dotc.typer.Typer.typedUnadapted(Typer.scala:2922)
	at dotty.tools.dotc.typer.Typer.typed(Typer.scala:2987)
	at dotty.tools.dotc.typer.Typer.typed(Typer.scala:2991)
	at dotty.tools.dotc.typer.Typer.typedExpr(Typer.scala:3107)
	at dotty.tools.dotc.typer.Namer.typedAheadExpr$$anonfun$1(Namer.scala:1618)
	at dotty.tools.dotc.typer.Namer.typedAhead(Namer.scala:1608)
	at dotty.tools.dotc.typer.Namer.typedAheadExpr(Namer.scala:1618)
	at dotty.tools.dotc.typer.Namer.typedAheadRhs$1$$anonfun$1(Namer.scala:1866)
	at dotty.tools.dotc.typer.PrepareInlineable$.dropInlineIfError(PrepareInlineable.scala:248)
	at dotty.tools.dotc.typer.Namer.typedAheadRhs$1(Namer.scala:1866)
	at dotty.tools.dotc.typer.Namer.rhsType$1(Namer.scala:1874)
	at dotty.tools.dotc.typer.Namer.cookedRhsType$1(Namer.scala:1892)
	at dotty.tools.dotc.typer.Namer.lhsType$1(Namer.scala:1893)
	at dotty.tools.dotc.typer.Namer.inferredResultType(Namer.scala:1904)
	at dotty.tools.dotc.typer.Namer.inferredType$1(Namer.scala:1657)
	at dotty.tools.dotc.typer.Namer.valOrDefDefSig(Namer.scala:1664)
	at dotty.tools.dotc.typer.Namer$Completer.typeSig(Namer.scala:782)
	at dotty.tools.dotc.typer.Namer$Completer.completeInCreationContext(Namer.scala:921)
	at dotty.tools.dotc.typer.Namer$Completer.complete(Namer.scala:809)
	at dotty.tools.dotc.core.SymDenotations$SymDenotation.completeFrom(SymDenotations.scala:171)
	at dotty.tools.dotc.core.Denotations$Denotation.completeInfo$1(Denotations.scala:187)
	at dotty.tools.dotc.core.Denotations$Denotation.info(Denotations.scala:189)
	at dotty.tools.dotc.core.SymDenotations$SymDenotation.ensureCompleted(SymDenotations.scala:373)
	at dotty.tools.dotc.typer.Typer.retrieveSym(Typer.scala:2800)
	at dotty.tools.dotc.typer.Typer.typedNamed$1(Typer.scala:2825)
	at dotty.tools.dotc.typer.Typer.typedUnadapted(Typer.scala:2921)
	at dotty.tools.dotc.typer.Typer.typed(Typer.scala:2987)
	at dotty.tools.dotc.typer.Typer.typed(Typer.scala:2991)
	at dotty.tools.dotc.typer.Typer.traverse$1(Typer.scala:3013)
	at dotty.tools.dotc.typer.Typer.typedStats(Typer.scala:3063)
	at dotty.tools.dotc.typer.Typer.typedBlockStats(Typer.scala:1056)
	at dotty.tools.dotc.typer.Typer.typedBlock(Typer.scala:1060)
	at dotty.tools.dotc.typer.Typer.typedUnnamed$1(Typer.scala:2867)
	at dotty.tools.dotc.typer.Typer.typedUnadapted(Typer.scala:2922)
	at dotty.tools.dotc.typer.Typer.typed(Typer.scala:2987)
	at dotty.tools.dotc.typer.Typer.typed(Typer.scala:2991)
	at dotty.tools.dotc.typer.Typer.typedExpr(Typer.scala:3107)
	at dotty.tools.dotc.typer.Typer.$anonfun$48(Typer.scala:2295)
	at dotty.tools.dotc.typer.PrepareInlineable$.dropInlineIfError(PrepareInlineable.scala:248)
	at dotty.tools.dotc.typer.Typer.typedDefDef(Typer.scala:2295)
	at dotty.tools.dotc.typer.Typer.typedNamed$1(Typer.scala:2835)
	at dotty.tools.dotc.typer.Typer.typedUnadapted(Typer.scala:2921)
	at dotty.tools.dotc.typer.Typer.typed(Typer.scala:2987)
	at dotty.tools.dotc.typer.Typer.typed(Typer.scala:2991)
	at dotty.tools.dotc.typer.Typer.traverse$1(Typer.scala:3013)
	at dotty.tools.dotc.typer.Typer.typedStats(Typer.scala:3063)
	at dotty.tools.dotc.typer.Typer.typedClassDef(Typer.scala:2500)
	at dotty.tools.dotc.typer.Typer.typedTypeOrClassDef$1(Typer.scala:2847)
	at dotty.tools.dotc.typer.Typer.typedNamed$1(Typer.scala:2851)
	at dotty.tools.dotc.typer.Typer.typedUnadapted(Typer.scala:2921)
	at dotty.tools.dotc.typer.Typer.typed(Typer.scala:2987)
	at dotty.tools.dotc.typer.Typer.typed(Typer.scala:2991)
	at dotty.tools.dotc.typer.Typer.traverse$1(Typer.scala:3013)
	at dotty.tools.dotc.typer.Typer.typedStats(Typer.scala:3063)
	at dotty.tools.dotc.typer.Typer.typedPackageDef(Typer.scala:2629)
	at dotty.tools.dotc.typer.Typer.typedUnnamed$1(Typer.scala:2892)
	at dotty.tools.dotc.typer.Typer.typedUnadapted(Typer.scala:2922)
	at dotty.tools.dotc.typer.Typer.typed(Typer.scala:2987)
	at dotty.tools.dotc.typer.Typer.typed(Typer.scala:2991)
	at dotty.tools.dotc.typer.Typer.typedExpr(Typer.scala:3107)
	at dotty.tools.dotc.typer.TyperPhase.typeCheck$$anonfun$1(TyperPhase.scala:43)
	at dotty.tools.dotc.typer.TyperPhase.typeCheck$$anonfun$adapted$1(TyperPhase.scala:50)
	at scala.Function0.apply$mcV$sp(Function0.scala:42)
	at dotty.tools.dotc.core.Phases$Phase.monitor(Phases.scala:417)
	at dotty.tools.dotc.typer.TyperPhase.typeCheck(TyperPhase.scala:50)
	at dotty.tools.dotc.typer.TyperPhase.runOn$$anonfun$3(TyperPhase.scala:84)
	at scala.runtime.function.JProcedure1.apply(JProcedure1.java:15)
	at scala.runtime.function.JProcedure1.apply(JProcedure1.java:10)
	at scala.collection.immutable.List.foreach(List.scala:333)
	at dotty.tools.dotc.typer.TyperPhase.runOn(TyperPhase.scala:84)
	at dotty.tools.dotc.Run.runPhases$1$$anonfun$1(Run.scala:234)
	at scala.runtime.function.JProcedure1.apply(JProcedure1.java:15)
	at scala.runtime.function.JProcedure1.apply(JProcedure1.java:10)
	at scala.collection.ArrayOps$.foreach$extension(ArrayOps.scala:1321)
	at dotty.tools.dotc.Run.runPhases$1(Run.scala:245)
	at dotty.tools.dotc.Run.compileUnits$$anonfun$1(Run.scala:253)
	at dotty.tools.dotc.Run.compileUnits$$anonfun$adapted$1(Run.scala:262)
	at dotty.tools.dotc.util.Stats$.maybeMonitored(Stats.scala:68)
	at dotty.tools.dotc.Run.compileUnits(Run.scala:262)
	at dotty.tools.dotc.Run.compileSources(Run.scala:186)
	at dotty.tools.dotc.interactive.InteractiveDriver.run(InteractiveDriver.scala:165)
	at scala.meta.internal.pc.MetalsDriver.run(MetalsDriver.scala:48)
	at scala.meta.internal.pc.HoverProvider$.hover(HoverProvider.scala:41)

2023.03.03 21:43:00 WARN  no build target for: /home/runner/AOC22Day23/main.scala
exception caught when loading trait Annotation: java.lang.AssertionError: assertion failed: denotation module class Annotation$ invalid in run 3. ValidFor: Period(1..5, run = 4)
exception caught when loading class Deprecated: java.lang.AssertionError: assertion failed: denotation module class Annotation$ invalid in run 3. ValidFor: Period(1..5, run = 4)
Mar 03, 2023 9:43:02 PM scala.meta.internal.pc.CompilerAccess handleError
SEVERE: assertion failed: denotation module class Annotation$ invalid in run 3. ValidFor: Period(1..5, run = 4)
java.lang.AssertionError: assertion failed: denotation module class Annotation$ invalid in run 3. ValidFor: Period(1..5, run = 4)
	at scala.runtime.Scala3RunTime$.assertFailed(Scala3RunTime.scala:8)
	at dotty.tools.dotc.core.Denotations$SingleDenotation.updateValidity(Denotations.scala:722)
	at dotty.tools.dotc.core.Denotations$SingleDenotation.bringForward(Denotations.scala:747)
	at dotty.tools.dotc.core.Denotations$SingleDenotation.toNewRun$1(Denotations.scala:806)
	at dotty.tools.dotc.core.Denotations$SingleDenotation.current(Denotations.scala:880)
	at dotty.tools.dotc.core.Symbols$Symbol.recomputeDenot(Symbols.scala:120)
	at dotty.tools.dotc.core.Symbols$Symbol.computeDenot(Symbols.scala:114)
	at dotty.tools.dotc.core.Symbols$Symbol.denot(Symbols.scala:107)
	at dotty.tools.dotc.core.Symbols$ClassSymbol.classDenot(Symbols.scala:460)
	at dotty.tools.dotc.core.Symbols$.toClassDenot(Symbols.scala:500)
	at dotty.tools.dotc.core.unpickleScala2.Scala2Unpickler$.setClassInfo(Scala2Unpickler.scala:109)
	at dotty.tools.dotc.core.classfile.ClassfileParser.parseClass(ClassfileParser.scala:217)
	at dotty.tools.dotc.core.classfile.ClassfileParser.$anonfun$1(ClassfileParser.scala:87)
	at dotty.tools.dotc.core.classfile.ClassfileParser.run(ClassfileParser.scala:82)
	at dotty.tools.dotc.core.ClassfileLoader.load(SymbolLoaders.scala:411)
	at dotty.tools.dotc.core.ClassfileLoader.doComplete(SymbolLoaders.scala:406)
	at dotty.tools.dotc.core.SymbolLoader.complete(SymbolLoaders.scala:340)
	at dotty.tools.dotc.core.SymDenotations$SymDenotation.completeFrom(SymDenotations.scala:171)
	at dotty.tools.dotc.core.SymDenotations$SymDenotation.completeOnce(SymDenotations.scala:365)
	at dotty.tools.dotc.core.SymDenotations$SymDenotation.unforcedDecls(SymDenotations.scala:389)
	at dotty.tools.dotc.core.SymDenotations$ClassDenotation.typeParamsFromDecls(SymDenotations.scala:1794)
	at dotty.tools.dotc.core.SymDenotations$ClassDenotation.typeParams(SymDenotations.scala:1807)
	at dotty.tools.dotc.core.classfile.ClassfileParser$$anon$2.apply(ClassfileParser.scala:38)
	at dotty.tools.dotc.core.classfile.ClassfileParser$$anon$2.apply(ClassfileParser.scala:37)
	at scala.collection.immutable.List.mapConserve(List.scala:472)
	at dotty.tools.dotc.core.classfile.ClassfileParser$$anon$2.apply(ClassfileParser.scala:47)
	at dotty.tools.dotc.core.classfile.ClassfileParser$AttributeCompleter.complete(ClassfileParser.scala:720)
	at dotty.tools.dotc.core.classfile.ClassfileParser.parseClass(ClassfileParser.scala:219)
	at dotty.tools.dotc.core.classfile.ClassfileParser.$anonfun$1(ClassfileParser.scala:87)
	at dotty.tools.dotc.core.classfile.ClassfileParser.run(ClassfileParser.scala:82)
	at dotty.tools.dotc.core.ClassfileLoader.load(SymbolLoaders.scala:411)
	at dotty.tools.dotc.core.ClassfileLoader.doComplete(SymbolLoaders.scala:406)
	at dotty.tools.dotc.core.SymbolLoader.complete(SymbolLoaders.scala:340)
	at dotty.tools.dotc.core.SymDenotations$SymDenotation.completeFrom(SymDenotations.scala:171)
	at dotty.tools.dotc.core.SymDenotations$SymDenotation.completeOnce(SymDenotations.scala:365)
	at dotty.tools.dotc.core.SymDenotations$SymDenotation.isAbsent(SymDenotations.scala:575)
	at dotty.tools.dotc.core.SymDenotations$SymDenotation.isAccessibleFrom(SymDenotations.scala:887)
	at scala.meta.internal.pc.IndexedContext$.accessibleSymbols$1$$anonfun$1(IndexedContext.scala:133)
	at scala.collection.immutable.List.filter(List.scala:559)
	at scala.meta.internal.pc.IndexedContext$.accessibleSymbols$1(IndexedContext.scala:133)
	at scala.meta.internal.pc.IndexedContext$.allAccessibleSymbols$1(IndexedContext.scala:151)
	at scala.meta.internal.pc.IndexedContext$.fromImportInfo$1(IndexedContext.scala:172)
	at scala.meta.internal.pc.IndexedContext$.scala$meta$internal$pc$IndexedContext$$$extractNames(IndexedContext.scala:189)
	at scala.meta.internal.pc.IndexedContext$LazyWrapper.<init>(IndexedContext.scala:87)
	at scala.meta.internal.pc.IndexedContext$.apply(IndexedContext.scala:75)
	at scala.meta.internal.pc.IndexedContext$LazyWrapper.<init>(IndexedContext.scala:86)
	at scala.meta.internal.pc.IndexedContext$.apply(IndexedContext.scala:75)
	at scala.meta.internal.pc.IndexedContext$LazyWrapper.<init>(IndexedContext.scala:86)
	at scala.meta.internal.pc.IndexedContext$.apply(IndexedContext.scala:75)
	at scala.meta.internal.pc.IndexedContext$LazyWrapper.<init>(IndexedContext.scala:86)
	at scala.meta.internal.pc.IndexedContext$.apply(IndexedContext.scala:75)
	at scala.meta.internal.pc.HoverProvider$.hover(HoverProvider.scala:47)

Mar 03, 2023 9:43:05 PM scala.meta.internal.pc.CompilerAccess handleError
SEVERE: assertion failed: denotation class Tuple2 invalid in run 3. ValidFor: Period(1..2, run = 4)
java.lang.AssertionError: assertion failed: denotation class Tuple2 invalid in run 3. ValidFor: Period(1..2, run = 4)
	at scala.runtime.Scala3RunTime$.assertFailed(Scala3RunTime.scala:8)
	at dotty.tools.dotc.core.Denotations$SingleDenotation.updateValidity(Denotations.scala:722)
	at dotty.tools.dotc.core.Denotations$SingleDenotation.bringForward(Denotations.scala:747)
	at dotty.tools.dotc.core.Denotations$SingleDenotation.toNewRun$1(Denotations.scala:806)
	at dotty.tools.dotc.core.Denotations$SingleDenotation.current(Denotations.scala:880)
	at dotty.tools.dotc.core.Symbols$Symbol.recomputeDenot(Symbols.scala:120)
	at dotty.tools.dotc.core.Symbols$Symbol.computeDenot(Symbols.scala:114)
	at dotty.tools.dotc.core.Symbols$Symbol.denot(Symbols.scala:107)
	at dotty.tools.dotc.core.Symbols$Symbol.name(Symbols.scala:260)
	at dotty.tools.dotc.core.Definitions.asContextFunctionType(Definitions.scala:1696)
	at dotty.tools.dotc.typer.Typer.typedUnadapted(Typer.scala:2910)
	at dotty.tools.dotc.typer.Typer.typed(Typer.scala:2987)
	at dotty.tools.dotc.typer.Typer.typed(Typer.scala:2991)
	at dotty.tools.dotc.typer.Typer.typedPattern(Typer.scala:3127)
	at dotty.tools.dotc.typer.Typer.typedCase(Typer.scala:1732)
	at dotty.tools.dotc.typer.Typer.typedCases$$anonfun$1(Typer.scala:1665)
	at dotty.tools.dotc.core.Decorators$ListDecorator$.loop$1(Decorators.scala:90)
	at dotty.tools.dotc.core.Decorators$ListDecorator$.mapconserve$extension(Decorators.scala:106)
	at dotty.tools.dotc.typer.Typer.typedCases(Typer.scala:1667)
	at dotty.tools.dotc.typer.Typer.$anonfun$27(Typer.scala:1657)
	at dotty.tools.dotc.typer.Applications.harmonic(Applications.scala:2224)
	at dotty.tools.dotc.typer.Applications.harmonic$(Applications.scala:327)
	at dotty.tools.dotc.typer.Typer.harmonic(Typer.scala:117)
	at dotty.tools.dotc.typer.Typer.typedMatchFinish(Typer.scala:1657)
	at dotty.tools.dotc.typer.Typer.typedMatch(Typer.scala:1591)
	at dotty.tools.dotc.typer.Typer.typedUnnamed$1(Typer.scala:2873)
	at dotty.tools.dotc.typer.Typer.typedUnadapted(Typer.scala:2922)
	at dotty.tools.dotc.typer.Typer.typed(Typer.scala:2987)
	at dotty.tools.dotc.typer.Typer.typed(Typer.scala:2991)
	at dotty.tools.dotc.typer.Typer.typedExpr(Typer.scala:3107)
	at dotty.tools.dotc.typer.Namer.typedAheadExpr$$anonfun$1(Namer.scala:1618)
	at dotty.tools.dotc.typer.Namer.typedAhead(Namer.scala:1608)
	at dotty.tools.dotc.typer.Namer.typedAheadExpr(Namer.scala:1618)
	at dotty.tools.dotc.typer.Namer.valOrDefDefSig(Namer.scala:1675)
	at dotty.tools.dotc.typer.Namer.defDefSig(Namer.scala:1749)
	at dotty.tools.dotc.typer.Namer$Completer.typeSig(Namer.scala:786)
	at dotty.tools.dotc.typer.Namer$Completer.completeInCreationContext(Namer.scala:921)
	at dotty.tools.dotc.typer.Namer$Completer.complete(Namer.scala:809)
	at dotty.tools.dotc.core.SymDenotations$SymDenotation.completeFrom(SymDenotations.scala:171)
	at dotty.tools.dotc.core.Denotations$Denotation.completeInfo$1(Denotations.scala:187)
	at dotty.tools.dotc.core.Denotations$Denotation.info(Denotations.scala:189)
	at dotty.tools.dotc.core.SymDenotations$SymDenotation.ensureCompleted(SymDenotations.scala:373)
	at dotty.tools.dotc.typer.Typer.retrieveSym(Typer.scala:2800)
	at dotty.tools.dotc.typer.Typer.typedNamed$1(Typer.scala:2825)
	at dotty.tools.dotc.typer.Typer.typedUnadapted(Typer.scala:2921)
	at dotty.tools.dotc.typer.Typer.typed(Typer.scala:2987)
	at dotty.tools.dotc.typer.Typer.typed(Typer.scala:2991)
	at dotty.tools.dotc.typer.Typer.traverse$1(Typer.scala:3013)
	at dotty.tools.dotc.typer.Typer.typedStats(Typer.scala:3063)
	at dotty.tools.dotc.typer.Typer.typedBlockStats(Typer.scala:1056)
	at dotty.tools.dotc.typer.Typer.typedBlock(Typer.scala:1060)
	at dotty.tools.dotc.typer.Typer.typedUnnamed$1(Typer.scala:2867)
	at dotty.tools.dotc.typer.Typer.typedUnadapted(Typer.scala:2922)
	at dotty.tools.dotc.typer.Typer.typed(Typer.scala:2987)
	at dotty.tools.dotc.typer.Typer.typed(Typer.scala:2991)
	at dotty.tools.dotc.typer.Typer.typedFunctionValue(Typer.scala:1464)
	at dotty.tools.dotc.typer.Typer.typedFunction(Typer.scala:1238)
	at dotty.tools.dotc.typer.Typer.typedUnnamed$1(Typer.scala:2869)
	at dotty.tools.dotc.typer.Typer.typedUnadapted(Typer.scala:2922)
	at dotty.tools.dotc.typer.ProtoTypes$FunProto.$anonfun$7(ProtoTypes.scala:482)
	at dotty.tools.dotc.typer.ProtoTypes$FunProto.cacheTypedArg(ProtoTypes.scala:405)
	at dotty.tools.dotc.typer.ProtoTypes$FunProto.typedArg(ProtoTypes.scala:483)
	at dotty.tools.dotc.typer.Applications$ApplyToUntyped.typedArg(Applications.scala:866)
	at dotty.tools.dotc.typer.Applications$ApplyToUntyped.typedArg(Applications.scala:866)
	at dotty.tools.dotc.typer.Applications$Application.addTyped$1(Applications.scala:557)
	at dotty.tools.dotc.typer.Applications$Application.matchArgs(Applications.scala:622)
	at dotty.tools.dotc.typer.Applications$Application.init(Applications.scala:460)
	at dotty.tools.dotc.typer.Applications$TypedApply.<init>(Applications.scala:748)
	at dotty.tools.dotc.typer.Applications$ApplyToUntyped.<init>(Applications.scala:865)
	at dotty.tools.dotc.typer.Applications.ApplyTo(Applications.scala:1077)
	at dotty.tools.dotc.typer.Applications.ApplyTo$(Applications.scala:327)
	at dotty.tools.dotc.typer.Typer.ApplyTo(Typer.scala:117)
	at dotty.tools.dotc.typer.Applications.simpleApply$1(Applications.scala:923)
	at dotty.tools.dotc.typer.Applications.realApply$1$$anonfun$3(Applications.scala:1003)
	at dotty.tools.dotc.typer.Typer.tryEither(Typer.scala:3131)
	at dotty.tools.dotc.typer.Applications.realApply$1(Applications.scala:1014)
	at dotty.tools.dotc.typer.Applications.typedApply(Applications.scala:1052)
	at dotty.tools.dotc.typer.Applications.typedApply$(Applications.scala:327)
	at dotty.tools.dotc.typer.Typer.typedApply(Typer.scala:117)
	at dotty.tools.dotc.typer.Typer.typedUnnamed$1(Typer.scala:2859)
	at dotty.tools.dotc.typer.Typer.typedUnadapted(Typer.scala:2922)
	at dotty.tools.dotc.typer.Typer.typedUnnamed$1(Typer.scala:2906)
	at dotty.tools.dotc.typer.Typer.typedUnadapted(Typer.scala:2922)
	at dotty.tools.dotc.typer.Typer.typed(Typer.scala:2987)
	at dotty.tools.dotc.typer.Typer.typed(Typer.scala:2991)
	at dotty.tools.dotc.typer.Typer.traverse$1(Typer.scala:3040)
	at dotty.tools.dotc.typer.Typer.typedStats(Typer.scala:3063)
	at dotty.tools.dotc.typer.Typer.typedBlockStats(Typer.scala:1056)
	at dotty.tools.dotc.typer.Typer.typedBlock(Typer.scala:1060)
	at dotty.tools.dotc.typer.Typer.typedUnnamed$1(Typer.scala:2867)
	at dotty.tools.dotc.typer.Typer.typedUnadapted(Typer.scala:2922)
	at dotty.tools.dotc.typer.Typer.typed(Typer.scala:2987)
	at dotty.tools.dotc.typer.Typer.typed(Typer.scala:2991)
	at dotty.tools.dotc.typer.Typer.typedExpr(Typer.scala:3107)
	at dotty.tools.dotc.typer.Namer.typedAheadExpr$$anonfun$1(Namer.scala:1618)
	at dotty.tools.dotc.typer.Namer.typedAhead(Namer.scala:1608)
	at dotty.tools.dotc.typer.Namer.typedAheadExpr(Namer.scala:1618)
	at dotty.tools.dotc.typer.Namer.valOrDefDefSig(Namer.scala:1675)
	at dotty.tools.dotc.typer.Namer.defDefSig(Namer.scala:1749)
	at dotty.tools.dotc.typer.Namer$Completer.typeSig(Namer.scala:786)
	at dotty.tools.dotc.typer.Namer$Completer.completeInCreationContext(Namer.scala:921)
	at dotty.tools.dotc.typer.Namer$Completer.complete(Namer.scala:809)
	at dotty.tools.dotc.core.SymDenotations$SymDenotation.completeFrom(SymDenotations.scala:171)
	at dotty.tools.dotc.core.Denotations$Denotation.completeInfo$1(Denotations.scala:187)
	at dotty.tools.dotc.core.Denotations$Denotation.info(Denotations.scala:189)
	at dotty.tools.dotc.core.SymDenotations$SymDenotation.ensureCompleted(SymDenotations.scala:373)
	at dotty.tools.dotc.typer.Typer.retrieveSym(Typer.scala:2800)
	at dotty.tools.dotc.typer.Typer.typedNamed$1(Typer.scala:2825)
	at dotty.tools.dotc.typer.Typer.typedUnadapted(Typer.scala:2921)
	at dotty.tools.dotc.typer.Typer.typed(Typer.scala:2987)
	at dotty.tools.dotc.typer.Typer.typed(Typer.scala:2991)
	at dotty.tools.dotc.typer.Typer.traverse$1(Typer.scala:3013)
	at dotty.tools.dotc.typer.Typer.typedStats(Typer.scala:3063)
	at dotty.tools.dotc.typer.Typer.typedBlockStats(Typer.scala:1056)
	at dotty.tools.dotc.typer.Typer.typedBlock(Typer.scala:1060)
	at dotty.tools.dotc.typer.Typer.typedUnnamed$1(Typer.scala:2867)
	at dotty.tools.dotc.typer.Typer.typedUnadapted(Typer.scala:2922)
	at dotty.tools.dotc.typer.Typer.typed(Typer.scala:2987)
	at dotty.tools.dotc.typer.Typer.typed(Typer.scala:2991)
	at dotty.tools.dotc.typer.Typer.typedFunctionValue(Typer.scala:1464)
	at dotty.tools.dotc.typer.Typer.typedFunction(Typer.scala:1238)
	at dotty.tools.dotc.typer.Typer.typedUnnamed$1(Typer.scala:2869)
	at dotty.tools.dotc.typer.Typer.typedUnadapted(Typer.scala:2922)
	at dotty.tools.dotc.typer.ProtoTypes$FunProto.$anonfun$7(ProtoTypes.scala:482)
	at dotty.tools.dotc.typer.ProtoTypes$FunProto.cacheTypedArg(ProtoTypes.scala:405)
	at dotty.tools.dotc.typer.ProtoTypes$FunProto.typedArg(ProtoTypes.scala:483)
	at dotty.tools.dotc.typer.Applications$ApplyToUntyped.typedArg(Applications.scala:866)
	at dotty.tools.dotc.typer.Applications$ApplyToUntyped.typedArg(Applications.scala:866)
	at dotty.tools.dotc.typer.Applications$Application.addTyped$1(Applications.scala:557)
	at dotty.tools.dotc.typer.Applications$Application.matchArgs(Applications.scala:622)
	at dotty.tools.dotc.typer.Applications$Application.init(Applications.scala:460)
	at dotty.tools.dotc.typer.Applications$TypedApply.<init>(Applications.scala:748)
	at dotty.tools.dotc.typer.Applications$ApplyToUntyped.<init>(Applications.scala:865)
	at dotty.tools.dotc.typer.Applications.ApplyTo(Applications.scala:1077)
	at dotty.tools.dotc.typer.Applications.ApplyTo$(Applications.scala:327)
	at dotty.tools.dotc.typer.Typer.ApplyTo(Typer.scala:117)
	at dotty.tools.dotc.typer.Applications.simpleApply$1(Applications.scala:923)
	at dotty.tools.dotc.typer.Applications.realApply$1$$anonfun$3(Applications.scala:1003)
	at dotty.tools.dotc.typer.Typer.tryEither(Typer.scala:3131)
	at dotty.tools.dotc.typer.Applications.realApply$1(Applications.scala:1014)
	at dotty.tools.dotc.typer.Applications.typedApply(Applications.scala:1052)
	at dotty.tools.dotc.typer.Applications.typedApply$(Applications.scala:327)
	at dotty.tools.dotc.typer.Typer.typedApply(Typer.scala:117)
	at dotty.tools.dotc.typer.Typer.typedUnnamed$1(Typer.scala:2859)
	at dotty.tools.dotc.typer.Typer.typedUnadapted(Typer.scala:2922)
	at dotty.tools.dotc.typer.Typer.typedUnnamed$1(Typer.scala:2906)
	at dotty.tools.dotc.typer.Typer.typedUnadapted(Typer.scala:2922)
	at dotty.tools.dotc.typer.Typer.typed(Typer.scala:2987)
	at dotty.tools.dotc.typer.Typer.typed(Typer.scala:2991)
	at dotty.tools.dotc.typer.Typer.traverse$1(Typer.scala:3040)
	at dotty.tools.dotc.typer.Typer.typedStats(Typer.scala:3063)
	at dotty.tools.dotc.typer.Typer.typedBlockStats(Typer.scala:1056)
	at dotty.tools.dotc.typer.Typer.typedBlock(Typer.scala:1060)
	at dotty.tools.dotc.typer.Typer.typedUnnamed$1(Typer.scala:2867)
	at dotty.tools.dotc.typer.Typer.typedUnadapted(Typer.scala:2922)
	at dotty.tools.dotc.typer.Typer.typed(Typer.scala:2987)
	at dotty.tools.dotc.typer.Typer.typed(Typer.scala:2991)
	at dotty.tools.dotc.typer.Typer.typedExpr(Typer.scala:3107)
	at dotty.tools.dotc.typer.Typer.$anonfun$48(Typer.scala:2295)
	at dotty.tools.dotc.typer.PrepareInlineable$.dropInlineIfError(PrepareInlineable.scala:248)
	at dotty.tools.dotc.typer.Typer.typedDefDef(Typer.scala:2295)
	at dotty.tools.dotc.typer.Typer.typedNamed$1(Typer.scala:2835)
	at dotty.tools.dotc.typer.Typer.typedUnadapted(Typer.scala:2921)
	at dotty.tools.dotc.typer.Typer.typed(Typer.scala:2987)
	at dotty.tools.dotc.typer.Typer.typed(Typer.scala:2991)
	at dotty.tools.dotc.typer.Typer.traverse$1(Typer.scala:3013)
	at dotty.tools.dotc.typer.Typer.typedStats(Typer.scala:3063)
	at dotty.tools.dotc.typer.Typer.typedClassDef(Typer.scala:2500)
	at dotty.tools.dotc.typer.Typer.typedTypeOrClassDef$1(Typer.scala:2847)
	at dotty.tools.dotc.typer.Typer.typedNamed$1(Typer.scala:2851)
	at dotty.tools.dotc.typer.Typer.typedUnadapted(Typer.scala:2921)
	at dotty.tools.dotc.typer.Typer.typed(Typer.scala:2987)
	at dotty.tools.dotc.typer.Typer.typed(Typer.scala:2991)
	at dotty.tools.dotc.typer.Typer.traverse$1(Typer.scala:3013)
	at dotty.tools.dotc.typer.Typer.typedStats(Typer.scala:3063)
	at dotty.tools.dotc.typer.Typer.typedPackageDef(Typer.scala:2629)
	at dotty.tools.dotc.typer.Typer.typedUnnamed$1(Typer.scala:2892)
	at dotty.tools.dotc.typer.Typer.typedUnadapted(Typer.scala:2922)
	at dotty.tools.dotc.typer.Typer.typed(Typer.scala:2987)
	at dotty.tools.dotc.typer.Typer.typed(Typer.scala:2991)
	at dotty.tools.dotc.typer.Typer.typedExpr(Typer.scala:3107)
	at dotty.tools.dotc.typer.TyperPhase.typeCheck$$anonfun$1(TyperPhase.scala:43)
	at dotty.tools.dotc.typer.TyperPhase.typeCheck$$anonfun$adapted$1(TyperPhase.scala:50)
	at scala.Function0.apply$mcV$sp(Function0.scala:42)
	at dotty.tools.dotc.core.Phases$Phase.monitor(Phases.scala:417)
	at dotty.tools.dotc.typer.TyperPhase.typeCheck(TyperPhase.scala:50)
	at dotty.tools.dotc.typer.TyperPhase.runOn$$anonfun$3(TyperPhase.scala:84)
	at scala.runtime.function.JProcedure1.apply(JProcedure1.java:15)
	at scala.runtime.function.JProcedure1.apply(JProcedure1.java:10)
	at scala.collection.immutable.List.foreach(List.scala:333)
	at dotty.tools.dotc.typer.TyperPhase.runOn(TyperPhase.scala:84)
	at dotty.tools.dotc.Run.runPhases$1$$anonfun$1(Run.scala:234)
	at scala.runtime.function.JProcedure1.apply(JProcedure1.java:15)
	at scala.runtime.function.JProcedure1.apply(JProcedure1.java:10)
	at scala.collection.ArrayOps$.foreach$extension(ArrayOps.scala:1321)
	at dotty.tools.dotc.Run.runPhases$1(Run.scala:245)
	at dotty.tools.dotc.Run.compileUnits$$anonfun$1(Run.scala:253)
	at dotty.tools.dotc.Run.compileUnits$$anonfun$adapted$1(Run.scala:262)
	at dotty.tools.dotc.util.Stats$.maybeMonitored(Stats.scala:68)
	at dotty.tools.dotc.Run.compileUnits(Run.scala:262)
	at dotty.tools.dotc.Run.compileSources(Run.scala:186)
	at dotty.tools.dotc.interactive.InteractiveDriver.run(InteractiveDriver.scala:165)
	at scala.meta.internal.pc.MetalsDriver.run(MetalsDriver.scala:48)
	at scala.meta.internal.pc.HoverProvider$.hover(HoverProvider.scala:41)

2023.03.03 21:43:05 WARN  no build target for: /home/runner/AOC22Day23/main.scala
Mar 03, 2023 9:43:07 PM org.eclipse.lsp4j.jsonrpc.RemoteEndpoint fallbackResponseError
SEVERE: Internal error: java.lang.StringIndexOutOfBoundsException: String index out of range: 2896
java.util.concurrent.CompletionException: java.lang.StringIndexOutOfBoundsException: String index out of range: 2896
	at java.base/java.util.concurrent.CompletableFuture.encodeThrowable(CompletableFuture.java:332)
	at java.base/java.util.concurrent.CompletableFuture.completeThrowable(CompletableFuture.java:347)
	at java.base/java.util.concurrent.CompletableFuture$UniAccept.tryFire(CompletableFuture.java:708)
	at java.base/java.util.concurrent.CompletableFuture.postComplete(CompletableFuture.java:510)
	at java.base/java.util.concurrent.CompletableFuture.completeExceptionally(CompletableFuture.java:2162)
	at scala.meta.internal.metals.CancelTokens$.$anonfun$future$1(CancelTokens.scala:40)
	at scala.meta.internal.metals.CancelTokens$.$anonfun$future$1$adapted(CancelTokens.scala:38)
	at scala.concurrent.impl.Promise$Transformation.run(Promise.scala:484)
	at java.base/java.util.concurrent.ThreadPoolExecutor.runWorker(ThreadPoolExecutor.java:1136)
	at java.base/java.util.concurrent.ThreadPoolExecutor$Worker.run(ThreadPoolExecutor.java:635)
	at java.base/java.lang.Thread.run(Thread.java:833)
Caused by: java.lang.StringIndexOutOfBoundsException: String index out of range: 2896
	at java.base/java.lang.StringLatin1.charAt(StringLatin1.java:48)
	at java.base/java.lang.String.charAt(String.java:1515)
	at scala.collection.StringOps$.apply$extension(StringOps.scala:188)
	at scala.meta.internal.metals.codeactions.ExtractValueCodeAction.$anonfun$contribute$13(ExtractValueCodeAction.scala:60)
	at scala.Option.map(Option.scala:242)
	at scala.meta.internal.metals.codeactions.ExtractValueCodeAction.$anonfun$contribute$12(ExtractValueCodeAction.scala:57)
	at scala.Option.flatMap(Option.scala:283)
	at scala.meta.internal.metals.codeactions.ExtractValueCodeAction.$anonfun$contribute$9(ExtractValueCodeAction.scala:55)
	at scala.Option$WithFilter.flatMap(Option.scala:283)
	at scala.meta.internal.metals.codeactions.ExtractValueCodeAction.$anonfun$contribute$7(ExtractValueCodeAction.scala:52)
	at scala.Option.flatMap(Option.scala:283)
	at scala.meta.internal.metals.codeactions.ExtractValueCodeAction.$anonfun$contribute$6(ExtractValueCodeAction.scala:51)
	at scala.collection.immutable.List.flatMap(List.scala:293)
	at scala.meta.internal.metals.codeactions.ExtractValueCodeAction.$anonfun$contribute$1(ExtractValueCodeAction.scala:49)
	at scala.concurrent.Future$.$anonfun$apply$1(Future.scala:678)
	at scala.concurrent.impl.Promise$Transformation.run(Promise.scala:467)
	... 3 more

2023.03.03 21:43:09 WARN  no build target for: /home/runner/AOC22Day23/main.scala
2023.03.03 21:43:14 WARN  no build target for: /home/runner/AOC22Day23/main.scala
Mar 03, 2023 9:43:14 PM org.eclipse.lsp4j.jsonrpc.RemoteEndpoint fallbackResponseError
SEVERE: Internal error: java.lang.StringIndexOutOfBoundsException: begin 2896, end 2963, length 4
java.util.concurrent.CompletionException: java.lang.StringIndexOutOfBoundsException: begin 2896, end 2963, length 4
	at java.base/java.util.concurrent.CompletableFuture.encodeThrowable(CompletableFuture.java:332)
	at java.base/java.util.concurrent.CompletableFuture.completeThrowable(CompletableFuture.java:347)
	at java.base/java.util.concurrent.CompletableFuture$UniAccept.tryFire(CompletableFuture.java:708)
	at java.base/java.util.concurrent.CompletableFuture.postComplete(CompletableFuture.java:510)
	at java.base/java.util.concurrent.CompletableFuture.completeExceptionally(CompletableFuture.java:2162)
	at scala.meta.internal.metals.CancelTokens$.$anonfun$future$1(CancelTokens.scala:40)
	at scala.meta.internal.metals.CancelTokens$.$anonfun$future$1$adapted(CancelTokens.scala:38)
	at scala.concurrent.impl.Promise$Transformation.run(Promise.scala:484)
	at java.base/java.util.concurrent.ThreadPoolExecutor.runWorker(ThreadPoolExecutor.java:1136)
	at java.base/java.util.concurrent.ThreadPoolExecutor$Worker.run(ThreadPoolExecutor.java:635)
	at java.base/java.lang.Thread.run(Thread.java:833)
Caused by: java.lang.StringIndexOutOfBoundsException: begin 2896, end 2963, length 4
	at java.base/java.lang.String.checkBoundsBeginEnd(String.java:4604)
	at java.base/java.lang.String.substring(String.java:2707)
	at scala.meta.internal.metals.codeactions.FlatMapToForComprehensionCodeAction.getIndentForPos(FlatMapToForComprehensionCodeAction.scala:667)
	at scala.meta.internal.metals.codeactions.FlatMapToForComprehensionCodeAction.$anonfun$contribute$4(FlatMapToForComprehensionCodeAction.scala:55)
	at scala.Option.map(Option.scala:242)
	at scala.meta.internal.metals.codeactions.FlatMapToForComprehensionCodeAction.$anonfun$contribute$3(FlatMapToForComprehensionCodeAction.scala:51)
	at scala.Option.flatMap(Option.scala:283)
	at scala.meta.internal.metals.codeactions.FlatMapToForComprehensionCodeAction.$anonfun$contribute$2(FlatMapToForComprehensionCodeAction.scala:50)
	at scala.Option.flatMap(Option.scala:283)
	at scala.meta.internal.metals.codeactions.FlatMapToForComprehensionCodeAction.$anonfun$contribute$1(FlatMapToForComprehensionCodeAction.scala:49)
	at scala.concurrent.Future$.$anonfun$apply$1(Future.scala:678)
	at scala.concurrent.impl.Promise$Transformation.run(Promise.scala:467)
	... 3 more

2023.03.03 21:43:16 WARN  no build target for: /home/runner/AOC22Day23/main.scala
2023.03.03 21:43:19 WARN  no build target for: /home/runner/AOC22Day23/main.scala
2023.03.03 21:43:21 WARN  no build target for: /home/runner/AOC22Day23/main.scala
Mar 03, 2023 9:43:23 PM org.eclipse.lsp4j.jsonrpc.RemoteEndpoint fallbackResponseError
SEVERE: Internal error: java.lang.StringIndexOutOfBoundsException: begin 2896, end 3037, length 4
java.util.concurrent.CompletionException: java.lang.StringIndexOutOfBoundsException: begin 2896, end 3037, length 4
	at java.base/java.util.concurrent.CompletableFuture.encodeThrowable(CompletableFuture.java:332)
	at java.base/java.util.concurrent.CompletableFuture.completeThrowable(CompletableFuture.java:347)
	at java.base/java.util.concurrent.CompletableFuture$UniAccept.tryFire(CompletableFuture.java:708)
	at java.base/java.util.concurrent.CompletableFuture.postComplete(CompletableFuture.java:510)
	at java.base/java.util.concurrent.CompletableFuture.completeExceptionally(CompletableFuture.java:2162)
	at scala.meta.internal.metals.CancelTokens$.$anonfun$future$1(CancelTokens.scala:40)
	at scala.meta.internal.metals.CancelTokens$.$anonfun$future$1$adapted(CancelTokens.scala:38)
	at scala.concurrent.impl.Promise$Transformation.run(Promise.scala:484)
	at java.base/java.util.concurrent.ThreadPoolExecutor.runWorker(ThreadPoolExecutor.java:1136)
	at java.base/java.util.concurrent.ThreadPoolExecutor$Worker.run(ThreadPoolExecutor.java:635)
	at java.base/java.lang.Thread.run(Thread.java:833)
Caused by: java.lang.StringIndexOutOfBoundsException: begin 2896, end 3037, length 4
	at java.base/java.lang.String.checkBoundsBeginEnd(String.java:4604)
	at java.base/java.lang.String.substring(String.java:2707)
	at scala.meta.internal.metals.codeactions.FlatMapToForComprehensionCodeAction.getIndentForPos(FlatMapToForComprehensionCodeAction.scala:667)
	at scala.meta.internal.metals.codeactions.FlatMapToForComprehensionCodeAction.$anonfun$contribute$4(FlatMapToForComprehensionCodeAction.scala:55)
	at scala.Option.map(Option.scala:242)
	at scala.meta.internal.metals.codeactions.FlatMapToForComprehensionCodeAction.$anonfun$contribute$3(FlatMapToForComprehensionCodeAction.scala:51)
	at scala.Option.flatMap(Option.scala:283)
	at scala.meta.internal.metals.codeactions.FlatMapToForComprehensionCodeAction.$anonfun$contribute$2(FlatMapToForComprehensionCodeAction.scala:50)
	at scala.Option.flatMap(Option.scala:283)
	at scala.meta.internal.metals.codeactions.FlatMapToForComprehensionCodeAction.$anonfun$contribute$1(FlatMapToForComprehensionCodeAction.scala:49)
	at scala.concurrent.Future$.$anonfun$apply$1(Future.scala:678)
	at scala.concurrent.impl.Promise$Transformation.run(Promise.scala:467)
	... 3 more

2023.03.03 21:43:24 WARN  no build target for: /home/runner/AOC22Day23/main.scala
2023.03.03 21:43:27 WARN  no build target for: /home/runner/AOC22Day23/main.scala
2023.03.03 21:43:29 WARN  no build target for: /home/runner/AOC22Day23/main.scala
2023.03.03 21:44:34 WARN  no build target for: /home/runner/AOC22Day23/main.scala
2023.03.03 21:44:37 WARN  no build target for: /home/runner/AOC22Day23/main.scala
2023.03.03 21:44:40 WARN  no build target for: /home/runner/AOC22Day23/main.scala
2023.03.03 21:44:46 WARN  no build target for: /home/runner/AOC22Day23/main.scala
2023.03.03 21:44:49 WARN  no build target for: /home/runner/AOC22Day23/main.scala
2023.03.03 21:44:52 WARN  no build target for: /home/runner/AOC22Day23/main.scala
2023.03.03 21:45:06 WARN  no build target for: /home/runner/AOC22Day23/main.scala
2023.03.03 21:45:10 WARN  no build target for: /home/runner/AOC22Day23/main.scala
2023.03.03 21:45:13 WARN  no build target for: /home/runner/AOC22Day23/main.scala
2023.03.03 21:45:20 WARN  no build target for: /home/runner/AOC22Day23/main.scala
2023.03.03 21:45:29 WARN  no build target for: /home/runner/AOC22Day23/main.scala
2023.03.03 21:45:39 WARN  no build target for: /home/runner/AOC22Day23/main.scala
2023.03.03 21:45:53 WARN  no build target for: /home/runner/AOC22Day23/main.scala
2023.03.03 21:46:30 WARN  no build target for: /home/runner/AOC22Day23/main.scala
2023.03.03 21:46:37 WARN  no build target for: /home/runner/AOC22Day23/main.scala
2023.03.03 21:46:40 WARN  no build target for: /home/runner/AOC22Day23/main.scala
2023.03.03 21:46:43 WARN  no build target for: /home/runner/AOC22Day23/main.scala
2023.03.03 21:46:48 WARN  no build target for: /home/runner/AOC22Day23/main.scala
2023.03.03 21:47:00 WARN  no build target for: /home/runner/AOC22Day23/main.scala
2023.03.03 21:47:03 WARN  no build target for: /home/runner/AOC22Day23/main.scala
2023.03.03 21:47:07 WARN  no build target for: /home/runner/AOC22Day23/main.scala
2023.03.03 21:47:09 WARN  no build target for: /home/runner/AOC22Day23/main.scala
2023.03.03 21:47:11 WARN  no build target for: /home/runner/AOC22Day23/main.scala
Mar 03, 2023 9:47:12 PM org.eclipse.lsp4j.jsonrpc.RemoteEndpoint fallbackResponseError
SEVERE: Internal error: java.lang.StringIndexOutOfBoundsException: begin 723, end 723, length 1
java.util.concurrent.CompletionException: java.lang.StringIndexOutOfBoundsException: begin 723, end 723, length 1
	at java.base/java.util.concurrent.CompletableFuture.encodeThrowable(CompletableFuture.java:332)
	at java.base/java.util.concurrent.CompletableFuture.completeThrowable(CompletableFuture.java:347)
	at java.base/java.util.concurrent.CompletableFuture$UniAccept.tryFire(CompletableFuture.java:708)
	at java.base/java.util.concurrent.CompletableFuture.postComplete(CompletableFuture.java:510)
	at java.base/java.util.concurrent.CompletableFuture.completeExceptionally(CompletableFuture.java:2162)
	at scala.meta.internal.metals.CancelTokens$.$anonfun$future$1(CancelTokens.scala:40)
	at scala.meta.internal.metals.CancelTokens$.$anonfun$future$1$adapted(CancelTokens.scala:38)
	at scala.concurrent.impl.Promise$Transformation.run(Promise.scala:484)
	at java.base/java.util.concurrent.ThreadPoolExecutor.runWorker(ThreadPoolExecutor.java:1136)
	at java.base/java.util.concurrent.ThreadPoolExecutor$Worker.run(ThreadPoolExecutor.java:635)
	at java.base/java.lang.Thread.run(Thread.java:833)
Caused by: java.lang.StringIndexOutOfBoundsException: begin 723, end 723, length 1
	at java.base/java.lang.String.checkBoundsBeginEnd(String.java:4604)
	at java.base/java.lang.String.substring(String.java:2707)
	at scala.meta.internal.metals.codeactions.CreateCompanionObjectCodeAction.getIndentationForPositionInDocument(CreateCompanionObjectCodeAction.scala:91)
	at scala.meta.internal.metals.codeactions.CreateCompanionObjectCodeAction.$anonfun$contribute$5(CreateCompanionObjectCodeAction.scala:63)
	at scala.Option.map(Option.scala:242)
	at scala.meta.internal.metals.codeactions.CreateCompanionObjectCodeAction.$anonfun$contribute$4(CreateCompanionObjectCodeAction.scala:58)
	at scala.Option$WithFilter.flatMap(Option.scala:283)
	at scala.meta.internal.metals.codeactions.CreateCompanionObjectCodeAction.$anonfun$contribute$2(CreateCompanionObjectCodeAction.scala:56)
	at scala.Option.flatMap(Option.scala:283)
	at scala.meta.internal.metals.codeactions.CreateCompanionObjectCodeAction.$anonfun$contribute$1(CreateCompanionObjectCodeAction.scala:55)
	at scala.concurrent.Future$.$anonfun$apply$1(Future.scala:678)
	at scala.concurrent.impl.Promise$Transformation.run(Promise.scala:467)
	... 3 more

2023.03.03 21:47:13 WARN  no build target for: /home/runner/AOC22Day23/main.scala
2023.03.03 21:47:17 WARN  no build target for: /home/runner/AOC22Day23/main.scala
2023.03.03 21:47:26 WARN  no build target for: /home/runner/AOC22Day23/main.scala
2023.03.03 21:47:34 WARN  no build target for: /home/runner/AOC22Day23/main.scala
2023.03.03 21:47:39 WARN  no build target for: /home/runner/AOC22Day23/main.scala
2023.03.03 21:47:43 WARN  no build target for: /home/runner/AOC22Day23/main.scala
2023.03.03 21:48:02 WARN  no build target for: /home/runner/AOC22Day23/main.scala
2023.03.03 21:48:04 WARN  no build target for: /home/runner/AOC22Day23/main.scala
2023.03.03 21:48:48 WARN  no build target for: /home/runner/AOC22Day23/main.scala
2023.03.03 21:48:51 WARN  no build target for: /home/runner/AOC22Day23/main.scala
2023.03.03 21:48:52 WARN  no build target for: /home/runner/AOC22Day23/main.scala
Mar 03, 2023 9:48:58 PM org.eclipse.lsp4j.jsonrpc.RemoteEndpoint fallbackResponseError
SEVERE: Internal error: java.lang.StringIndexOutOfBoundsException: begin 723, end 723, length 1
java.util.concurrent.CompletionException: java.lang.StringIndexOutOfBoundsException: begin 723, end 723, length 1
	at java.base/java.util.concurrent.CompletableFuture.encodeThrowable(CompletableFuture.java:332)
	at java.base/java.util.concurrent.CompletableFuture.completeThrowable(CompletableFuture.java:347)
	at java.base/java.util.concurrent.CompletableFuture$UniAccept.tryFire(CompletableFuture.java:708)
	at java.base/java.util.concurrent.CompletableFuture.postComplete(CompletableFuture.java:510)
	at java.base/java.util.concurrent.CompletableFuture.completeExceptionally(CompletableFuture.java:2162)
	at scala.meta.internal.metals.CancelTokens$.$anonfun$future$1(CancelTokens.scala:40)
	at scala.meta.internal.metals.CancelTokens$.$anonfun$future$1$adapted(CancelTokens.scala:38)
	at scala.concurrent.impl.Promise$Transformation.run(Promise.scala:484)
	at java.base/java.util.concurrent.ThreadPoolExecutor.runWorker(ThreadPoolExecutor.java:1136)
	at java.base/java.util.concurrent.ThreadPoolExecutor$Worker.run(ThreadPoolExecutor.java:635)
	at java.base/java.lang.Thread.run(Thread.java:833)
Caused by: java.lang.StringIndexOutOfBoundsException: begin 723, end 723, length 1
	at java.base/java.lang.String.checkBoundsBeginEnd(String.java:4604)
	at java.base/java.lang.String.substring(String.java:2707)
	at scala.meta.internal.metals.codeactions.CreateCompanionObjectCodeAction.getIndentationForPositionInDocument(CreateCompanionObjectCodeAction.scala:91)
	at scala.meta.internal.metals.codeactions.CreateCompanionObjectCodeAction.$anonfun$contribute$5(CreateCompanionObjectCodeAction.scala:63)
	at scala.Option.map(Option.scala:242)
	at scala.meta.internal.metals.codeactions.CreateCompanionObjectCodeAction.$anonfun$contribute$4(CreateCompanionObjectCodeAction.scala:58)
	at scala.Option$WithFilter.flatMap(Option.scala:283)
	at scala.meta.internal.metals.codeactions.CreateCompanionObjectCodeAction.$anonfun$contribute$2(CreateCompanionObjectCodeAction.scala:56)
	at scala.Option.flatMap(Option.scala:283)
	at scala.meta.internal.metals.codeactions.CreateCompanionObjectCodeAction.$anonfun$contribute$1(CreateCompanionObjectCodeAction.scala:55)
	at scala.concurrent.Future$.$anonfun$apply$1(Future.scala:678)
	at scala.concurrent.impl.Promise$Transformation.run(Promise.scala:467)
	... 3 more

2023.03.03 21:49:01 WARN  no build target for: /home/runner/AOC22Day23/main.scala
2023.03.03 21:50:13 WARN  no build target for: /home/runner/AOC22Day23/main.scala
2023.03.03 21:55:46 WARN  no build target for: /home/runner/AOC22Day23/main.scala
2023.03.03 21:55:49 WARN  no build target for: /home/runner/AOC22Day23/main.scala
2023.03.03 21:55:52 WARN  no build target for: /home/runner/AOC22Day23/main.scala
2023.03.03 21:55:56 WARN  no build target for: /home/runner/AOC22Day23/main.scala
2023.03.03 21:56:04 WARN  no build target for: /home/runner/AOC22Day23/main.scala
2023.03.03 21:56:06 WARN  no build target for: /home/runner/AOC22Day23/main.scala
2023.03.03 21:56:13 WARN  no build target for: /home/runner/AOC22Day23/main.scala
2023.03.03 21:56:31 WARN  no build target for: /home/runner/AOC22Day23/main.scala
2023.03.03 21:56:33 WARN  no build target for: /home/runner/AOC22Day23/main.scala
2023.03.03 21:56:39 WARN  no build target for: /home/runner/AOC22Day23/main.scala
2023.03.03 21:56:47 WARN  no build target for: /home/runner/AOC22Day23/main.scala
2023.03.03 21:56:53 WARN  no build target for: /home/runner/AOC22Day23/main.scala
2023.03.03 21:56:59 WARN  no build target for: /home/runner/AOC22Day23/main.scala
2023.03.03 21:57:01 WARN  no build target for: /home/runner/AOC22Day23/main.scala
2023.03.03 21:57:03 WARN  no build target for: /home/runner/AOC22Day23/main.scala
2023.03.03 21:57:09 WARN  no build target for: /home/runner/AOC22Day23/main.scala
2023.03.03 21:57:12 WARN  no build target for: /home/runner/AOC22Day23/main.scala
2023.03.03 21:57:16 WARN  no build target for: /home/runner/AOC22Day23/main.scala
2023.03.03 21:57:21 WARN  no build target for: /home/runner/AOC22Day23/main.scala
2023.03.03 21:57:24 WARN  no build target for: /home/runner/AOC22Day23/main.scala
2023.03.03 21:57:27 WARN  no build target for: /home/runner/AOC22Day23/main.scala
2023.03.03 21:57:31 WARN  no build target for: /home/runner/AOC22Day23/main.scala
2023.03.03 21:57:33 WARN  no build target for: /home/runner/AOC22Day23/main.scala
2023.03.03 21:57:37 WARN  no build target for: /home/runner/AOC22Day23/main.scala
2023.03.03 21:57:46 WARN  no build target for: /home/runner/AOC22Day23/main.scala
2023.03.03 21:57:49 WARN  no build target for: /home/runner/AOC22Day23/main.scala
2023.03.03 21:57:52 WARN  no build target for: /home/runner/AOC22Day23/main.scala
2023.03.03 21:58:31 WARN  no build target for: /home/runner/AOC22Day23/main.scala
2023.03.03 21:58:34 WARN  no build target for: /home/runner/AOC22Day23/main.scala
2023.03.03 21:58:38 WARN  no build target for: /home/runner/AOC22Day23/main.scala
2023.03.03 21:58:42 WARN  no build target for: /home/runner/AOC22Day23/main.scala
2023.03.03 21:58:44 WARN  no build target for: /home/runner/AOC22Day23/main.scala
2023.03.03 21:58:54 WARN  no build target for: /home/runner/AOC22Day23/main.scala
2023.03.03 21:58:57 WARN  no build target for: /home/runner/AOC22Day23/main.scala
2023.03.03 21:59:13 WARN  no build target for: /home/runner/AOC22Day23/main.scala
2023.03.03 21:59:18 WARN  no build target for: /home/runner/AOC22Day23/main.scala
2023.03.03 21:59:20 WARN  no build target for: /home/runner/AOC22Day23/main.scala
2023.03.03 21:59:30 WARN  no build target for: /home/runner/AOC22Day23/main.scala
2023.03.03 21:59:37 WARN  no build target for: /home/runner/AOC22Day23/main.scala
2023.03.03 21:59:39 WARN  no build target for: /home/runner/AOC22Day23/main.scala
2023.03.03 21:59:41 WARN  no build target for: /home/runner/AOC22Day23/main.scala
2023.03.03 21:59:44 WARN  no build target for: /home/runner/AOC22Day23/main.scala
2023.03.03 21:59:47 WARN  no build target for: /home/runner/AOC22Day23/main.scala
2023.03.03 21:59:56 WARN  no build target for: /home/runner/AOC22Day23/main.scala
2023.03.03 21:59:59 WARN  no build target for: /home/runner/AOC22Day23/main.scala
Mar 03, 2023 10:00:00 PM org.eclipse.lsp4j.jsonrpc.RemoteEndpoint fallbackResponseError
SEVERE: Internal error: java.lang.StringIndexOutOfBoundsException: begin 350, end 390, length 21
java.util.concurrent.CompletionException: java.lang.StringIndexOutOfBoundsException: begin 350, end 390, length 21
	at java.base/java.util.concurrent.CompletableFuture.encodeThrowable(CompletableFuture.java:332)
	at java.base/java.util.concurrent.CompletableFuture.completeThrowable(CompletableFuture.java:347)
	at java.base/java.util.concurrent.CompletableFuture$UniAccept.tryFire(CompletableFuture.java:708)
	at java.base/java.util.concurrent.CompletableFuture.postComplete(CompletableFuture.java:510)
	at java.base/java.util.concurrent.CompletableFuture.completeExceptionally(CompletableFuture.java:2162)
	at scala.meta.internal.metals.CancelTokens$.$anonfun$future$1(CancelTokens.scala:40)
	at scala.meta.internal.metals.CancelTokens$.$anonfun$future$1$adapted(CancelTokens.scala:38)
	at scala.concurrent.impl.Promise$Transformation.run(Promise.scala:484)
	at java.base/java.util.concurrent.ThreadPoolExecutor.runWorker(ThreadPoolExecutor.java:1136)
	at java.base/java.util.concurrent.ThreadPoolExecutor$Worker.run(ThreadPoolExecutor.java:635)
	at java.base/java.lang.Thread.run(Thread.java:833)
Caused by: java.lang.StringIndexOutOfBoundsException: begin 350, end 390, length 21
	at java.base/java.lang.String.checkBoundsBeginEnd(String.java:4604)
	at java.base/java.lang.String.substring(String.java:2707)
	at scala.meta.internal.metals.codeactions.FlatMapToForComprehensionCodeAction.getIndentForPos(FlatMapToForComprehensionCodeAction.scala:667)
	at scala.meta.internal.metals.codeactions.FlatMapToForComprehensionCodeAction.$anonfun$contribute$4(FlatMapToForComprehensionCodeAction.scala:55)
	at scala.Option.map(Option.scala:242)
	at scala.meta.internal.metals.codeactions.FlatMapToForComprehensionCodeAction.$anonfun$contribute$3(FlatMapToForComprehensionCodeAction.scala:51)
	at scala.Option.flatMap(Option.scala:283)
	at scala.meta.internal.metals.codeactions.FlatMapToForComprehensionCodeAction.$anonfun$contribute$2(FlatMapToForComprehensionCodeAction.scala:50)
	at scala.Option.flatMap(Option.scala:283)
	at scala.meta.internal.metals.codeactions.FlatMapToForComprehensionCodeAction.$anonfun$contribute$1(FlatMapToForComprehensionCodeAction.scala:49)
	at scala.concurrent.Future$.$anonfun$apply$1(Future.scala:678)
	at scala.concurrent.impl.Promise$Transformation.run(Promise.scala:467)
	... 3 more

2023.03.03 22:00:02 WARN  no build target for: /home/runner/AOC22Day23/main.scala
2023.03.03 22:00:05 WARN  no build target for: /home/runner/AOC22Day23/main.scala
Mar 03, 2023 10:00:06 PM org.eclipse.lsp4j.jsonrpc.RemoteEndpoint fallbackResponseError
SEVERE: Internal error: java.lang.StringIndexOutOfBoundsException: begin 174, end 215, length 0
java.util.concurrent.CompletionException: java.lang.StringIndexOutOfBoundsException: begin 174, end 215, length 0
	at java.base/java.util.concurrent.CompletableFuture.encodeThrowable(CompletableFuture.java:332)
	at java.base/java.util.concurrent.CompletableFuture.completeThrowable(CompletableFuture.java:347)
	at java.base/java.util.concurrent.CompletableFuture$UniAccept.tryFire(CompletableFuture.java:708)
	at java.base/java.util.concurrent.CompletableFuture.postComplete(CompletableFuture.java:510)
	at java.base/java.util.concurrent.CompletableFuture.completeExceptionally(CompletableFuture.java:2162)
	at scala.meta.internal.metals.CancelTokens$.$anonfun$future$1(CancelTokens.scala:40)
	at scala.meta.internal.metals.CancelTokens$.$anonfun$future$1$adapted(CancelTokens.scala:38)
	at scala.concurrent.impl.Promise$Transformation.run(Promise.scala:484)
	at java.base/java.util.concurrent.ThreadPoolExecutor.runWorker(ThreadPoolExecutor.java:1136)
	at java.base/java.util.concurrent.ThreadPoolExecutor$Worker.run(ThreadPoolExecutor.java:635)
	at java.base/java.lang.Thread.run(Thread.java:833)
Caused by: java.lang.StringIndexOutOfBoundsException: begin 174, end 215, length 0
	at java.base/java.lang.String.checkBoundsBeginEnd(String.java:4604)
	at java.base/java.lang.String.substring(String.java:2707)
	at scala.meta.internal.metals.codeactions.FlatMapToForComprehensionCodeAction.getIndentForPos(FlatMapToForComprehensionCodeAction.scala:667)
	at scala.meta.internal.metals.codeactions.FlatMapToForComprehensionCodeAction.$anonfun$contribute$4(FlatMapToForComprehensionCodeAction.scala:55)
	at scala.Option.map(Option.scala:242)
	at scala.meta.internal.metals.codeactions.FlatMapToForComprehensionCodeAction.$anonfun$contribute$3(FlatMapToForComprehensionCodeAction.scala:51)
	at scala.Option.flatMap(Option.scala:283)
	at scala.meta.internal.metals.codeactions.FlatMapToForComprehensionCodeAction.$anonfun$contribute$2(FlatMapToForComprehensionCodeAction.scala:50)
	at scala.Option.flatMap(Option.scala:283)
	at scala.meta.internal.metals.codeactions.FlatMapToForComprehensionCodeAction.$anonfun$contribute$1(FlatMapToForComprehensionCodeAction.scala:49)
	at scala.concurrent.Future$.$anonfun$apply$1(Future.scala:678)
	at scala.concurrent.impl.Promise$Transformation.run(Promise.scala:467)
	... 3 more

2023.03.03 22:00:09 WARN  no build target for: /home/runner/AOC22Day23/main.scala
Mar 03, 2023 10:00:10 PM org.eclipse.lsp4j.jsonrpc.RemoteEndpoint fallbackResponseError
SEVERE: Internal error: java.lang.StringIndexOutOfBoundsException: begin 174, end 215, length 1
java.util.concurrent.CompletionException: java.lang.StringIndexOutOfBoundsException: begin 174, end 215, length 1
	at java.base/java.util.concurrent.CompletableFuture.encodeThrowable(CompletableFuture.java:332)
	at java.base/java.util.concurrent.CompletableFuture.completeThrowable(CompletableFuture.java:347)
	at java.base/java.util.concurrent.CompletableFuture$UniAccept.tryFire(CompletableFuture.java:708)
	at java.base/java.util.concurrent.CompletableFuture.postComplete(CompletableFuture.java:510)
	at java.base/java.util.concurrent.CompletableFuture.completeExceptionally(CompletableFuture.java:2162)
	at scala.meta.internal.metals.CancelTokens$.$anonfun$future$1(CancelTokens.scala:40)
	at scala.meta.internal.metals.CancelTokens$.$anonfun$future$1$adapted(CancelTokens.scala:38)
	at scala.concurrent.impl.Promise$Transformation.run(Promise.scala:484)
	at java.base/java.util.concurrent.ThreadPoolExecutor.runWorker(ThreadPoolExecutor.java:1136)
	at java.base/java.util.concurrent.ThreadPoolExecutor$Worker.run(ThreadPoolExecutor.java:635)
	at java.base/java.lang.Thread.run(Thread.java:833)
Caused by: java.lang.StringIndexOutOfBoundsException: begin 174, end 215, length 1
	at java.base/java.lang.String.checkBoundsBeginEnd(String.java:4604)
	at java.base/java.lang.String.substring(String.java:2707)
	at scala.meta.internal.metals.codeactions.FlatMapToForComprehensionCodeAction.getIndentForPos(FlatMapToForComprehensionCodeAction.scala:667)
	at scala.meta.internal.metals.codeactions.FlatMapToForComprehensionCodeAction.$anonfun$contribute$4(FlatMapToForComprehensionCodeAction.scala:55)
	at scala.Option.map(Option.scala:242)
	at scala.meta.internal.metals.codeactions.FlatMapToForComprehensionCodeAction.$anonfun$contribute$3(FlatMapToForComprehensionCodeAction.scala:51)
	at scala.Option.flatMap(Option.scala:283)
	at scala.meta.internal.metals.codeactions.FlatMapToForComprehensionCodeAction.$anonfun$contribute$2(FlatMapToForComprehensionCodeAction.scala:50)
	at scala.Option.flatMap(Option.scala:283)
	at scala.meta.internal.metals.codeactions.FlatMapToForComprehensionCodeAction.$anonfun$contribute$1(FlatMapToForComprehensionCodeAction.scala:49)
	at scala.concurrent.Future$.$anonfun$apply$1(Future.scala:678)
	at scala.concurrent.impl.Promise$Transformation.run(Promise.scala:467)
	... 3 more

2023.03.03 22:00:12 WARN  no build target for: /home/runner/AOC22Day23/main.scala
2023.03.03 22:00:24 WARN  no build target for: /home/runner/AOC22Day23/main.scala
2023.03.03 22:00:30 WARN  no build target for: /home/runner/AOC22Day23/main.scala
2023.03.03 22:00:35 WARN  no build target for: /home/runner/AOC22Day23/main.scala
2023.03.03 22:00:49 WARN  no build target for: /home/runner/AOC22Day23/main.scala
2023.03.03 22:00:52 WARN  no build target for: /home/runner/AOC22Day23/main.scala
2023.03.03 22:00:53 WARN  no build target for: /home/runner/AOC22Day23/main.scala
2023.03.03 22:00:55 WARN  no build target for: /home/runner/AOC22Day23/main.scala
